[14/06/2021, 12:55:35] - " Server is listening on port 5000 "
[14/06/2021, 12:55:37] - " --- Calling webscraper "
[14/06/2021, 12:55:37] - " [ 35, saved data to database,  ] "
[14/06/2021, 12:57:00] - " Server is listening on port 5000 "
[14/06/2021, 12:57:02] - " --- Calling webscraper "
[14/06/2021, 12:57:02] - " [ 40, saved data to database,  ] "
[14/06/2021, 13:01:02] - " --- Calling webscraper "
[14/06/2021, 13:01:02] - " [ 40,  ] "
[14/06/2021, 13:02:28] - " Server is listening on port 5000 "
[14/06/2021, 13:02:29] - " --- Calling webscraper "
[14/06/2021, 13:02:29] - " [ 45, saved data to database,  ] "
[14/06/2021, 13:06:29] - " --- Calling webscraper "
[14/06/2021, 13:06:29] - " [ 45,  ] "
[14/06/2021, 13:10:29] - " --- Calling webscraper "
[14/06/2021, 13:10:29] - " [ 50, saved data to database,  ] "
[14/06/2021, 13:14:29] - " --- Calling webscraper "
[14/06/2021, 13:14:29] - " [ 55, saved data to database,  ] "
[14/06/2021, 13:18:29] - " --- Calling webscraper "
[14/06/2021, 13:18:29] - " [ 0, saved data to database,  ] "
[14/06/2021, 13:22:29] - " --- Calling webscraper "
[14/06/2021, 13:22:29] - " [ 5, saved data to database,  ] "
[14/06/2021, 13:26:29] - " --- Calling webscraper "
[14/06/2021, 13:26:29] - " [ 10, saved data to database,  ] "
[14/06/2021, 13:30:29] - " [ 10,  ] "
[14/06/2021, 13:30:29] - " --- Calling webscraper "
[14/06/2021, 13:34:29] - " --- Calling webscraper "
[14/06/2021, 13:34:29] - " [ 15, saved data to database,  ] "
[14/06/2021, 13:38:02] - " Server is listening on port 5000 "
[14/06/2021, 13:38:04] - " --- Calling webscraper "
[14/06/2021, 13:38:04] - " [ 20, saved data to database,  ] "
[14/06/2021, 13:38:31] - " Server is listening on port 5000 "
[14/06/2021, 13:38:33] - " --- Calling webscraper "
[14/06/2021, 13:38:33] - " [ 20, saved data to database,  ] "
[14/06/2021, 13:42:33] - " --- Calling webscraper "
[14/06/2021, 13:42:33] - " [ 25, saved data to database,  ] "
[14/06/2021, 13:46:33] - " --- Calling webscraper "
[14/06/2021, 13:46:33] - " [ 25,  ] "
[14/06/2021, 13:50:33] - " --- Calling webscraper "
[14/06/2021, 13:50:33] - " [ 30, saved data to database,  ] "
[15/06/2021, 16:45:03] - " Server is listening on port 5000 "
[15/06/2021, 16:45:05] - " --- Calling webscraper "
[15/06/2021, 16:45:05] - " [ 25, saved data to database,  ] "
[15/06/2021, 16:46:12] - " Server is listening on port 5000 "
[15/06/2021, 16:46:14] - " --- Calling webscraper "
[15/06/2021, 16:46:14] - " [ 25, saved data to database,  ] "
[15/06/2021, 16:47:06] - " Server is listening on port 5000 "
[15/06/2021, 16:47:08] - " --- Calling webscraper "
[15/06/2021, 16:47:08] - " [ 30, saved data to database,  ] "
[15/06/2021, 16:50:24] - " Traceback (most recent call last):
  File "C:\Users\Phi\Documents\VSCode Projects\JavaScript\Stormwatch\backend\python\weatherdata-from-db.py", line 16, in <module>
    latest_data["Time"] = latest_data["Time"].strftime("%H:%M")
AttributeError: 'str' object has no attribute 'strftime'
 "
[15/06/2021, 16:51:08] - " --- Calling webscraper "
[15/06/2021, 16:51:08] - " [ 30,  ] "
[15/06/2021, 16:51:13] - " C:\Users\Phi\Documents\VSCode Projects\JavaScript\Stormwatch\backend\python\weatherdata-from-db.py:16: SettingWithCopyWarning: 
A value is trying to be set on a copy of a slice from a DataFrame

See the caveats in the documentation: https://pandas.pydata.org/pandas-docs/stable/user_guide/indexing.html#returning-a-view-versus-a-copy
  latest_data["Time"] = pd.to_datetime(latest_data["Time"]).strftime("%H:%M")
 "
[15/06/2021, 16:54:54] - " C:\Users\Phi\Documents\VSCode Projects\JavaScript\Stormwatch\backend\python\weatherdata-from-db.py:16: SettingWithCopyWarning: 
A value is trying to be set on a copy of a slice from a DataFrame

See the caveats in the documentation: https://pandas.pydata.org/pandas-docs/stable/user_guide/indexing.html#returning-a-view-versus-a-copy
  latest_data["Time"] = pd.to_datetime(latest_data["Time"]).strftime("%H:%M")
 "
[15/06/2021, 16:55:08] - " --- Calling webscraper "
[15/06/2021, 16:55:08] - " [ 35, saved data to database,  ] "
[15/06/2021, 16:55:16] - " C:\Users\Phi\Documents\VSCode Projects\JavaScript\Stormwatch\backend\python\weatherdata-from-db.py:16: SettingWithCopyWarning: 
A value is trying to be set on a copy of a slice from a DataFrame

See the caveats in the documentation: https://pandas.pydata.org/pandas-docs/stable/user_guide/indexing.html#returning-a-view-versus-a-copy
  latest_data["Time"] = pd.to_datetime(latest_data["Time"]).strftime("%H:%M")
 "
[15/06/2021, 16:59:08] - " --- Calling webscraper "
[15/06/2021, 16:59:08] - " [ 40, saved data to database,  ] "
[15/06/2021, 17:03:08] - " --- Calling webscraper "
[15/06/2021, 17:03:08] - " [ 45, saved data to database,  ] "
[15/06/2021, 17:07:08] - " --- Calling webscraper "
[15/06/2021, 17:07:08] - " [ 50, saved data to database,  ] "
[15/06/2021, 17:11:08] - " --- Calling webscraper "
[15/06/2021, 17:11:08] - " [ 50,  ] "
[15/06/2021, 17:15:08] - " [ 55, saved data to database,  ] "
[15/06/2021, 17:15:08] - " --- Calling webscraper "
[15/06/2021, 17:19:08] - " --- Calling webscraper "
[15/06/2021, 17:19:08] - " [ 0, saved data to database,  ] "
[15/06/2021, 17:23:08] - " --- Calling webscraper "
[15/06/2021, 17:23:08] - " [ 5, saved data to database,  ] "
[15/06/2021, 17:27:08] - " --- Calling webscraper "
[15/06/2021, 17:27:08] - " [ 10, saved data to database,  ] "
[15/06/2021, 17:31:08] - " [ 10,  ] "
[15/06/2021, 17:31:08] - " --- Calling webscraper "
[15/06/2021, 17:35:08] - " --- Calling webscraper "
[15/06/2021, 17:35:08] - " [ 15, saved data to database,  ] "
[15/06/2021, 17:39:12] - " --- Calling webscraper "
[15/06/2021, 17:39:12] - " [ 20, saved data to database,  ] "
[15/06/2021, 17:43:08] - " [ 25, saved data to database,  ] "
[15/06/2021, 17:43:08] - " --- Calling webscraper "
[15/06/2021, 17:47:08] - " --- Calling webscraper "
[15/06/2021, 17:47:08] - " [ 30, saved data to database,  ] "
[15/06/2021, 17:51:11] - " --- Calling webscraper "
[15/06/2021, 17:51:11] - " [ 30,  ] "
[15/06/2021, 17:55:08] - " --- Calling webscraper "
[15/06/2021, 17:55:08] - " [ 35, saved data to database,  ] "
[15/06/2021, 17:59:08] - " --- Calling webscraper "
[15/06/2021, 17:59:08] - " [ 40, saved data to database,  ] "
[15/06/2021, 18:03:08] - " --- Calling webscraper "
[15/06/2021, 18:03:08] - " [ 45, saved data to database,  ] "
[15/06/2021, 18:07:08] - " --- Calling webscraper "
[15/06/2021, 18:07:08] - " [ 50, saved data to database,  ] "
[15/06/2021, 18:11:08] - " --- Calling webscraper "
[15/06/2021, 18:11:08] - " [ 50,  ] "
[15/06/2021, 18:15:08] - " --- Calling webscraper "
[15/06/2021, 18:15:08] - " [ 55, saved data to database,  ] "
[15/06/2021, 18:19:08] - " --- Calling webscraper "
[15/06/2021, 18:19:08] - " [ 0, saved data to database,  ] "
[15/06/2021, 18:23:08] - " --- Calling webscraper "
[15/06/2021, 18:23:08] - " [ 5, saved data to database,  ] "
[15/06/2021, 18:27:08] - " [ 10, saved data to database,  ] "
[15/06/2021, 18:27:08] - " --- Calling webscraper "
[15/06/2021, 18:31:08] - " --- Calling webscraper "
[15/06/2021, 18:31:08] - " [ 10,  ] "
[15/06/2021, 18:35:08] - " --- Calling webscraper "
[15/06/2021, 18:35:08] - " [ 15, saved data to database,  ] "
[15/06/2021, 18:39:08] - " [ 20, saved data to database,  ] "
[15/06/2021, 18:39:08] - " --- Calling webscraper "
[15/06/2021, 18:43:08] - " --- Calling webscraper "
[15/06/2021, 18:43:08] - " [ 25, saved data to database,  ] "
[15/06/2021, 18:47:08] - " --- Calling webscraper "
[15/06/2021, 18:47:08] - " [ 30, saved data to database,  ] "
[15/06/2021, 18:51:08] - " --- Calling webscraper "
[15/06/2021, 18:51:08] - " [ 30,  ] "
[15/06/2021, 18:55:08] - " --- Calling webscraper "
[15/06/2021, 18:55:08] - " [ 35, saved data to database,  ] "
[15/06/2021, 18:59:08] - " --- Calling webscraper "
[15/06/2021, 18:59:08] - " [ 40, saved data to database,  ] "
[21/06/2021, 22:56:57] - " Server is listening on port 5000 "
[21/06/2021, 22:57:01] - " --- Calling webscraper "
[21/06/2021, 22:57:01] - " [ 40, saved data to database,  ] "
[21/06/2021, 23:00:59] - " --- Calling webscraper "
[21/06/2021, 23:00:59] - " [ 40,  ] "
[21/06/2021, 23:04:59] - " --- Calling webscraper "
[21/06/2021, 23:04:59] - " [ 45, saved data to database,  ] "
[21/06/2021, 23:08:34] - " Traceback (most recent call last):
  File "C:\Users\Phi\Documents\VSCode Projects\JavaScript\Stormwatch\backend\python\weatherdata-from-db.py", line 33, in <module>
    print(generateDefaultDataset())
  File "C:\Users\Phi\Documents\VSCode Projects\JavaScript\Stormwatch\backend\python\weatherdata-from-db.py", line 24, in generateDefaultDataset
    latest_dict["temp_hour"] = df.set_index("Time")["Temperature"].iloc[last_hour:].to_list()
  File "C:\Users\Phi\AppData\Local\Programs\Python\Python39\lib\site-packages\pandas\core\indexing.py", line 895, in __getitem__
    return self._getitem_axis(maybe_callable, axis=axis)
  File "C:\Users\Phi\AppData\Local\Programs\Python\Python39\lib\site-packages\pandas\core\indexing.py", line 1481, in _getitem_axis
    return self._get_slice_axis(key, axis=axis)
  File "C:\Users\Phi\AppData\Local\Programs\Python\Python39\lib\site-packages\pandas\core\indexing.py", line 1513, in _get_slice_axis
    labels._validate_positional_slice(slice_obj)
  File "C:\Users\Phi\AppData\Local\Programs\Python\Python39\lib\site-packages\pandas\core\indexes\base.py", line 3320, in _validate_positional_slice
    self._validate_indexer("positional", key.start, "iloc")
  File "C:\Users\Phi\AppData\Local\Programs\Python\Python39\lib\site-packages\pandas\core\indexes\base.py", line 5309, in _validate_indexer
    raise self._invalid_indexer(form, key)
TypeError: cannot do positional indexing on DatetimeIndex with these indexers [2021-06-21 22:08:33.937061] of type datetime
 "
[21/06/2021, 23:08:59] - " --- Calling webscraper "
[21/06/2021, 23:08:59] - " [ 50, saved data to database,  ] "
[21/06/2021, 23:12:59] - " --- Calling webscraper "
[21/06/2021, 23:12:59] - " [ 55, saved data to database,  ] "
[21/06/2021, 23:16:59] - " --- Calling webscraper "
[21/06/2021, 23:16:59] - " [ 0, saved data to database,  ] "
[21/06/2021, 23:20:59] - " --- Calling webscraper "
[21/06/2021, 23:20:59] - " [ 0,  ] "
[21/06/2021, 23:24:59] - " --- Calling webscraper "
[21/06/2021, 23:24:59] - " [ 5, saved data to database,  ] "
[21/06/2021, 23:28:59] - " --- Calling webscraper "
[21/06/2021, 23:28:59] - " [ 10, saved data to database,  ] "
[21/06/2021, 23:32:59] - " --- Calling webscraper "
[21/06/2021, 23:32:59] - " [ 15, saved data to database,  ] "
[21/06/2021, 23:36:59] - " --- Calling webscraper "
[21/06/2021, 23:36:59] - " [ 20, saved data to database,  ] "
[21/06/2021, 23:40:59] - " --- Calling webscraper "
[21/06/2021, 23:40:59] - " [ 20,  ] "
[21/06/2021, 23:44:59] - " --- Calling webscraper "
[21/06/2021, 23:44:59] - " [ 25, saved data to database,  ] "
[21/06/2021, 23:48:59] - " --- Calling webscraper "
[21/06/2021, 23:48:59] - " [ 30, saved data to database,  ] "
[21/06/2021, 23:52:59] - " --- Calling webscraper "
[21/06/2021, 23:52:59] - " [ 35, saved data to database,  ] "
[21/06/2021, 23:56:59] - " --- Calling webscraper "
[21/06/2021, 23:56:59] - " [ 40, saved data to database,  ] "
[22/06/2021, 00:00:59] - " --- Calling webscraper "
[22/06/2021, 00:00:59] - " [ 40,  ] "
[22/06/2021, 00:04:13] - " Traceback (most recent call last):
  File "C:\Users\Phi\Documents\VSCode Projects\JavaScript\Stormwatch\backend\python\weatherdata-from-db.py", line 33, in <module>
    print(generateDefaultDataset())
  File "C:\Users\Phi\Documents\VSCode Projects\JavaScript\Stormwatch\backend\python\weatherdata-from-db.py", line 23, in generateDefaultDataset
    last_hour = dt.today().replace(hour=dt.today().hour - 1)
ValueError: hour must be in 0..23
 "
[22/06/2021, 00:04:59] - " --- Calling webscraper "
[22/06/2021, 00:04:59] - " [ 45, saved data to database,  ] "
[22/06/2021, 00:08:59] - " --- Calling webscraper "
[22/06/2021, 00:08:59] - " [ 50, saved data to database,  ] "
[22/06/2021, 00:12:59] - " --- Calling webscraper "
[22/06/2021, 00:12:59] - " [ 55, saved data to database,  ] "
[22/06/2021, 00:16:59] - " --- Calling webscraper "
[22/06/2021, 00:16:59] - " [ 0, saved data to database,  ] "
[22/06/2021, 00:20:59] - " --- Calling webscraper "
[22/06/2021, 00:20:59] - " [ 0,  ] "
[22/06/2021, 14:11:57] - " Server is listening on port 5000 "
[22/06/2021, 14:11:59] - " --- Calling webscraper "
[22/06/2021, 14:11:59] - " [ 55, saved data to database,  ] "
[22/06/2021, 14:12:12] - " Traceback (most recent call last):
  File "C:\Users\Phi\AppData\Local\Programs\Python\Python39\lib\site-packages\pandas\core\indexes\base.py", line 3080, in get_loc
    return self._engine.get_loc(casted_key)
  File "pandas\_libs\index.pyx", line 413, in pandas._libs.index.DatetimeEngine.get_loc
  File "pandas\_libs\index.pyx", line 441, in pandas._libs.index.DatetimeEngine.get_loc
  File "pandas\_libs\index.pyx", line 126, in pandas._libs.index.IndexEngine._get_loc_duplicates
  File "pandas\_libs\index_class_helper.pxi", line 114, in pandas._libs.index.Int64Engine._maybe_get_bool_indexer
  File "pandas\_libs\index.pyx", line 150, in pandas._libs.index.IndexEngine._unpack_bool_indexer
KeyError: 1624284732540120000

The above exception was the direct cause of the following exception:

Traceback (most recent call last):
  File "C:\Users\Phi\AppData\Local\Programs\Python\Python39\lib\site-packages\pandas\core\indexes\datetimes.py", line 686, in get_loc
    return Index.get_loc(self, key, method, tolerance)
  File "C:\Users\Phi\AppData\Local\Programs\Python\Python39\lib\site-packages\pandas\core\indexes\base.py", line 3082, in get_loc
    raise KeyError(key) from err
KeyError: Timestamp('2021-06-21 14:12:12.540120')

The above exception was the direct cause of the following exception:

Traceback (most recent call last):
  File "C:\Users\Phi\Documents\VSCode Projects\JavaScript\Stormwatch\backend\python\weatherdata-from-db.py", line 34, in <module>
    print(generateDefaultDataset())
  File "C:\Users\Phi\Documents\VSCode Projects\JavaScript\Stormwatch\backend\python\weatherdata-from-db.py", line 25, in generateDefaultDataset
    latest_dict["temp_hour"] = df.set_index("Time")["Temperature"].loc[last_day:].to_list()
  File "C:\Users\Phi\AppData\Local\Programs\Python\Python39\lib\site-packages\pandas\core\indexing.py", line 895, in __getitem__
    return self._getitem_axis(maybe_callable, axis=axis)
  File "C:\Users\Phi\AppData\Local\Programs\Python\Python39\lib\site-packages\pandas\core\indexing.py", line 1102, in _getitem_axis
    return self._get_slice_axis(key, axis=axis)
  File "C:\Users\Phi\AppData\Local\Programs\Python\Python39\lib\site-packages\pandas\core\indexing.py", line 1136, in _get_slice_axis
    indexer = labels.slice_indexer(
  File "C:\Users\Phi\AppData\Local\Programs\Python\Python39\lib\site-packages\pandas\core\indexes\datetimes.py", line 784, in slice_indexer
    return Index.slice_indexer(self, start, end, step, kind=kind)
  File "C:\Users\Phi\AppData\Local\Programs\Python\Python39\lib\site-packages\pandas\core\indexes\base.py", line 5277, in slice_indexer
    start_slice, end_slice = self.slice_locs(start, end, step=step, kind=kind)
  File "C:\Users\Phi\AppData\Local\Programs\Python\Python39\lib\site-packages\pandas\core\indexes\base.py", line 5476, in slice_locs
    start_slice = self.get_slice_bound(start, "left", kind)
  File "C:\Users\Phi\AppData\Local\Programs\Python\Python39\lib\site-packages\pandas\core\indexes\base.py", line 5396, in get_slice_bound
    raise err
  File "C:\Users\Phi\AppData\Local\Programs\Python\Python39\lib\site-packages\pandas\core\indexes\base.py", line 5390, in get_slice_bound
    slc = self.get_loc(label)
  File "C:\Users\Phi\AppData\Local\Programs\Python\Python39\lib\site-packages\pandas\core\indexes\datetimes.py", line 688, in get_loc
    raise KeyError(orig_key) from err
KeyError: Timestamp('2021-06-21 14:12:12.540120')
 "
[22/06/2021, 14:15:59] - " --- Calling webscraper "
[22/06/2021, 14:15:59] - " [ 55,  ] "
[22/06/2021, 14:17:59] - " Traceback (most recent call last):
  File "C:\Users\Phi\AppData\Local\Programs\Python\Python39\lib\site-packages\pandas\core\indexes\base.py", line 3080, in get_loc
    return self._engine.get_loc(casted_key)
  File "pandas\_libs\index.pyx", line 413, in pandas._libs.index.DatetimeEngine.get_loc
  File "pandas\_libs\index.pyx", line 441, in pandas._libs.index.DatetimeEngine.get_loc
  File "pandas\_libs\index.pyx", line 126, in pandas._libs.index.IndexEngine._get_loc_duplicates
  File "pandas\_libs\index_class_helper.pxi", line 114, in pandas._libs.index.Int64Engine._maybe_get_bool_indexer
  File "pandas\_libs\index.pyx", line 150, in pandas._libs.index.IndexEngine._unpack_bool_indexer
KeyError: 1624285079039937000

The above exception was the direct cause of the following exception:

Traceback (most recent call last):
  File "C:\Users\Phi\AppData\Local\Programs\Python\Python39\lib\site-packages\pandas\core\indexes\datetimes.py", line 686, in get_loc
    return Index.get_loc(self, key, method, tolerance)
  File "C:\Users\Phi\AppData\Local\Programs\Python\Python39\lib\site-packages\pandas\core\indexes\base.py", line 3082, in get_loc
    raise KeyError(key) from err
KeyError: Timestamp('2021-06-21 14:17:59.039937')

The above exception was the direct cause of the following exception:

Traceback (most recent call last):
  File "C:\Users\Phi\Documents\VSCode Projects\JavaScript\Stormwatch\backend\python\weatherdata-from-db.py", line 34, in <module>
    print(generateDefaultDataset())
  File "C:\Users\Phi\Documents\VSCode Projects\JavaScript\Stormwatch\backend\python\weatherdata-from-db.py", line 25, in generateDefaultDataset
    latest_dict["temp_hour"] = df.set_index("Time")["Temperature"].loc[last_day:].to_list()
  File "C:\Users\Phi\AppData\Local\Programs\Python\Python39\lib\site-packages\pandas\core\indexing.py", line 895, in __getitem__
    return self._getitem_axis(maybe_callable, axis=axis)
  File "C:\Users\Phi\AppData\Local\Programs\Python\Python39\lib\site-packages\pandas\core\indexing.py", line 1102, in _getitem_axis
    return self._get_slice_axis(key, axis=axis)
  File "C:\Users\Phi\AppData\Local\Programs\Python\Python39\lib\site-packages\pandas\core\indexing.py", line 1136, in _get_slice_axis
    indexer = labels.slice_indexer(
  File "C:\Users\Phi\AppData\Local\Programs\Python\Python39\lib\site-packages\pandas\core\indexes\datetimes.py", line 784, in slice_indexer
    return Index.slice_indexer(self, start, end, step, kind=kind)
  File "C:\Users\Phi\AppData\Local\Programs\Python\Python39\lib\site-packages\pandas\core\indexes\base.py", line 5277, in slice_indexer
    start_slice, end_slice = self.slice_locs(start, end, step=step, kind=kind)
  File "C:\Users\Phi\AppData\Local\Programs\Python\Python39\lib\site-packages\pandas\core\indexes\base.py", line 5476, in slice_locs
    start_slice = self.get_slice_bound(start, "left", kind)
  File "C:\Users\Phi\AppData\Local\Programs\Python\Python39\lib\site-packages\pandas\core\indexes\base.py", line 5396, in get_slice_bound
    raise err
  File "C:\Users\Phi\AppData\Local\Programs\Python\Python39\lib\site-packages\pandas\core\indexes\base.py", line 5390, in get_slice_bound
    slc = self.get_loc(label)
  File "C:\Users\Phi\AppData\Local\Programs\Python\Python39\lib\site-packages\pandas\core\indexes\datetimes.py", line 688, in get_loc
    raise KeyError(orig_key) from err
KeyError: Timestamp('2021-06-21 14:17:59.039937')
 "
[22/06/2021, 14:19:59] - " --- Calling webscraper "
[22/06/2021, 14:19:59] - " [ 0, saved data to database,  ] "
[22/06/2021, 14:23:59] - " --- Calling webscraper "
[22/06/2021, 14:23:59] - " [ 5, saved data to database,  ] "
[22/06/2021, 14:26:18] - " Traceback (most recent call last):
  File "C:\Users\Phi\Documents\VSCode Projects\JavaScript\Stormwatch\backend\python\weatherdata-from-db.py", line 34, in <module>
    print(generateDefaultDataset())
  File "C:\Users\Phi\Documents\VSCode Projects\JavaScript\Stormwatch\backend\python\weatherdata-from-db.py", line 24, in generateDefaultDataset
    last_day = dt.today() - timedelta(months = 3)
TypeError: 'months' is an invalid keyword argument for __new__()
 "
[22/06/2021, 14:27:59] - " --- Calling webscraper "
[22/06/2021, 14:27:59] - " [ 10, saved data to database,  ] "
[22/06/2021, 14:31:59] - " --- Calling webscraper "
[22/06/2021, 14:31:59] - " [ 15, saved data to database,  ] "
[22/06/2021, 14:35:58] - " --- Calling webscraper "
[22/06/2021, 14:35:58] - " [ 15,  ] "
[22/06/2021, 14:39:59] - " --- Calling webscraper "
[22/06/2021, 14:39:59] - " [ 20, saved data to database,  ] "
[22/06/2021, 14:43:59] - " --- Calling webscraper "
[22/06/2021, 14:43:59] - " [ 25, saved data to database,  ] "
[22/06/2021, 14:47:59] - " --- Calling webscraper "
[22/06/2021, 14:47:59] - " [ 30, saved data to database,  ] "
[22/06/2021, 14:51:59] - " --- Calling webscraper "
[22/06/2021, 14:51:59] - " [ 35, saved data to database,  ] "
[22/06/2021, 14:55:59] - " --- Calling webscraper "
[22/06/2021, 14:55:59] - " [ 35,  ] "
[22/06/2021, 14:59:59] - " --- Calling webscraper "
[22/06/2021, 14:59:59] - " [ 40, saved data to database,  ] "
[22/06/2021, 15:03:59] - " --- Calling webscraper "
[22/06/2021, 15:03:59] - " [ 45, saved data to database,  ] "
[22/06/2021, 15:07:59] - " --- Calling webscraper "
[22/06/2021, 15:07:59] - " [ 50, saved data to database,  ] "
[22/06/2021, 15:11:59] - " --- Calling webscraper "
[22/06/2021, 15:11:59] - " [ 55, saved data to database,  ] "
[22/06/2021, 15:15:59] - " --- Calling webscraper "
[22/06/2021, 15:15:59] - " [ 55,  ] "
[22/06/2021, 15:19:59] - " --- Calling webscraper "
[22/06/2021, 15:19:59] - " [ 0, saved data to database,  ] "
[22/06/2021, 15:23:59] - " --- Calling webscraper "
[22/06/2021, 15:23:59] - " [ 5, saved data to database,  ] "
[22/06/2021, 15:25:43] - " Traceback (most recent call last):
  File "C:\Users\Phi\Documents\VSCode Projects\JavaScript\Stormwatch\backend\python\weatherdata-from-db.py", line 36, in <module>
    print(generateDefaultDataset())
  File "C:\Users\Phi\Documents\VSCode Projects\JavaScript\Stormwatch\backend\python\weatherdata-from-db.py", line 28, in generateDefaultDataset
    return json.dumps(latest_dict)
  File "C:\Users\Phi\AppData\Local\Programs\Python\Python39\lib\json\__init__.py", line 231, in dumps
    return _default_encoder.encode(obj)
  File "C:\Users\Phi\AppData\Local\Programs\Python\Python39\lib\json\encoder.py", line 199, in encode
    chunks = self.iterencode(o, _one_shot=True)
  File "C:\Users\Phi\AppData\Local\Programs\Python\Python39\lib\json\encoder.py", line 257, in iterencode
    return _iterencode(o, 0)
  File "C:\Users\Phi\AppData\Local\Programs\Python\Python39\lib\json\encoder.py", line 179, in default
    raise TypeError(f'Object of type {o.__class__.__name__} '
TypeError: Object of type Timestamp is not JSON serializable
 "
[22/06/2021, 15:27:59] - " --- Calling webscraper "
[22/06/2021, 15:27:59] - " [ 10, saved data to database,  ] "
[22/06/2021, 15:30:19] - " Traceback (most recent call last):
  File "C:\Users\Phi\Documents\VSCode Projects\JavaScript\Stormwatch\backend\python\weatherdata-from-db.py", line 37, in <module>
    print(generateDefaultDataset())
  File "C:\Users\Phi\Documents\VSCode Projects\JavaScript\Stormwatch\backend\python\weatherdata-from-db.py", line 29, in generateDefaultDataset
    return json.dumps(latest_dict)
  File "C:\Users\Phi\AppData\Local\Programs\Python\Python39\lib\json\__init__.py", line 231, in dumps
    return _default_encoder.encode(obj)
  File "C:\Users\Phi\AppData\Local\Programs\Python\Python39\lib\json\encoder.py", line 199, in encode
    chunks = self.iterencode(o, _one_shot=True)
  File "C:\Users\Phi\AppData\Local\Programs\Python\Python39\lib\json\encoder.py", line 257, in iterencode
    return _iterencode(o, 0)
  File "C:\Users\Phi\AppData\Local\Programs\Python\Python39\lib\json\encoder.py", line 179, in default
    raise TypeError(f'Object of type {o.__class__.__name__} '
TypeError: Object of type Timestamp is not JSON serializable
 "
[22/06/2021, 15:31:59] - " --- Calling webscraper "
[22/06/2021, 15:31:59] - " [ 15, saved data to database,  ] "
[22/06/2021, 15:35:59] - " --- Calling webscraper "
[22/06/2021, 15:35:59] - " [ 15,  ] "
[22/06/2021, 15:39:59] - " --- Calling webscraper "
[22/06/2021, 15:39:59] - " [ 20, saved data to database,  ] "
[22/06/2021, 15:43:59] - " --- Calling webscraper "
[22/06/2021, 15:43:59] - " [ 25, saved data to database,  ] "
[22/06/2021, 15:47:59] - " --- Calling webscraper "
[22/06/2021, 15:47:59] - " [ 30, saved data to database,  ] "
[22/06/2021, 15:51:20] - " Server is listening on port 5000 "
[22/06/2021, 15:51:22] - " --- Calling webscraper "
[22/06/2021, 15:51:22] - " [ 30, saved data to database,  ] "
[22/06/2021, 15:55:22] - " --- Calling webscraper "
[22/06/2021, 15:55:22] - " [ 35, saved data to database,  ] "
[22/06/2021, 15:59:22] - " --- Calling webscraper "
[22/06/2021, 15:59:22] - " [ 40, saved data to database,  ] "
[22/06/2021, 16:03:22] - " --- Calling webscraper "
[22/06/2021, 16:03:22] - " [ 45, saved data to database,  ] "
[22/06/2021, 16:07:22] - " --- Calling webscraper "
[22/06/2021, 16:07:22] - " [ 50, saved data to database,  ] "
[22/06/2021, 16:11:22] - " --- Calling webscraper "
[22/06/2021, 16:11:22] - " [ 50,  ] "
[22/06/2021, 16:15:22] - " --- Calling webscraper "
[22/06/2021, 16:15:22] - " [ 55, saved data to database,  ] "
[22/06/2021, 16:19:22] - " --- Calling webscraper "
[22/06/2021, 16:19:22] - " [ 0, saved data to database,  ] "
[22/06/2021, 16:23:22] - " --- Calling webscraper "
[22/06/2021, 16:23:22] - " [ 5, saved data to database,  ] "
[22/06/2021, 16:27:22] - " --- Calling webscraper "
[22/06/2021, 16:27:22] - " [ 10, saved data to database,  ] "
[22/06/2021, 16:31:22] - " --- Calling webscraper "
[22/06/2021, 16:31:22] - " [ 10,  ] "
[22/06/2021, 16:35:22] - " --- Calling webscraper "
[22/06/2021, 16:35:22] - " [ 15, saved data to database,  ] "
[22/06/2021, 16:41:03] - " --- Calling webscraper "
[22/06/2021, 16:41:03] - " [ 20, saved data to database,  ] "
[22/06/2021, 16:43:22] - " --- Calling webscraper "
[22/06/2021, 16:43:22] - " [ 25, saved data to database,  ] "
[22/06/2021, 16:47:22] - " --- Calling webscraper "
[22/06/2021, 16:47:22] - " [ 30, saved data to database,  ] "
[22/06/2021, 16:51:22] - " --- Calling webscraper "
[22/06/2021, 16:51:22] - " [ 30,  ] "
[22/06/2021, 16:55:22] - " --- Calling webscraper "
[22/06/2021, 16:55:22] - " [ 35, saved data to database,  ] "
[22/06/2021, 16:59:22] - " --- Calling webscraper "
[22/06/2021, 16:59:22] - " [ 40, saved data to database,  ] "
[22/06/2021, 17:00:07] - " Server is listening on port 5000 "
[22/06/2021, 17:00:08] - " --- Calling webscraper "
[22/06/2021, 17:00:08] - " [ 40, saved data to database,  ] "
[22/06/2021, 17:04:08] - " --- Calling webscraper "
[22/06/2021, 17:04:08] - " [ 45, saved data to database,  ] "
[22/06/2021, 17:08:08] - " --- Calling webscraper "
[22/06/2021, 17:08:08] - " [ 50, saved data to database,  ] "
[22/06/2021, 17:12:08] - " --- Calling webscraper "
[22/06/2021, 17:12:08] - " [ 55, saved data to database,  ] "
[22/06/2021, 17:16:08] - " --- Calling webscraper "
[22/06/2021, 17:16:08] - " [ 55,  ] "
[22/06/2021, 17:20:08] - " --- Calling webscraper "
[22/06/2021, 17:20:08] - " [ 0, saved data to database,  ] "
[22/06/2021, 17:24:08] - " --- Calling webscraper "
[22/06/2021, 17:24:08] - " [ 5, saved data to database,  ] "
[22/06/2021, 17:28:08] - " --- Calling webscraper "
[22/06/2021, 17:28:08] - " [ 10, saved data to database,  ] "
[22/06/2021, 17:32:08] - " --- Calling webscraper "
[22/06/2021, 17:32:08] - " [ 15, saved data to database,  ] "
[22/06/2021, 17:36:08] - " --- Calling webscraper "
[22/06/2021, 17:36:08] - " [ 15,  ] "
[22/06/2021, 17:40:09] - " --- Calling webscraper "
[22/06/2021, 17:40:09] - " [ 20, saved data to database,  ] "
[22/06/2021, 17:44:08] - " --- Calling webscraper "
[22/06/2021, 17:44:08] - " [ 25, saved data to database,  ] "
[22/06/2021, 17:48:08] - " --- Calling webscraper "
[22/06/2021, 17:48:08] - " [ 30, saved data to database,  ] "
[22/06/2021, 17:52:08] - " --- Calling webscraper "
[22/06/2021, 17:52:08] - " [ 35, saved data to database,  ] "
[22/06/2021, 17:56:15] - " --- Calling webscraper "
[22/06/2021, 17:56:15] - " [ 35,  ] "
[22/06/2021, 18:00:36] - " --- Calling webscraper "
[22/06/2021, 18:00:36] - " [ 40, saved data to database,  ] "
[22/06/2021, 18:04:08] - " --- Calling webscraper "
[22/06/2021, 18:04:08] - " [ 45, saved data to database,  ] "
[22/06/2021, 18:08:08] - " --- Calling webscraper "
[22/06/2021, 18:08:08] - " [ 50, saved data to database,  ] "
[22/06/2021, 18:12:08] - " --- Calling webscraper "
[22/06/2021, 18:12:08] - " [ 50,  ] "
[22/06/2021, 18:16:08] - " --- Calling webscraper "
[22/06/2021, 18:16:08] - " [ 50,  ] "
[22/06/2021, 18:20:08] - " --- Calling webscraper "
[22/06/2021, 18:20:08] - " [ 0,  ] "
[22/06/2021, 18:24:08] - " --- Calling webscraper "
[22/06/2021, 18:24:08] - " [ 5, saved data to database,  ] "
[22/06/2021, 18:28:08] - " --- Calling webscraper "
[22/06/2021, 18:28:08] - " [ 10, saved data to database,  ] "
[22/06/2021, 18:32:08] - " --- Calling webscraper "
[22/06/2021, 18:32:08] - " [ 15, saved data to database,  ] "
[22/06/2021, 18:36:08] - " --- Calling webscraper "
[22/06/2021, 18:36:08] - " [ 15,  ] "
[22/06/2021, 18:40:09] - " --- Calling webscraper "
[22/06/2021, 18:40:09] - " [ 20, saved data to database,  ] "
[22/06/2021, 18:44:09] - " --- Calling webscraper "
[22/06/2021, 18:44:09] - " [ 25, saved data to database,  ] "
[22/06/2021, 18:48:10] - " --- Calling webscraper "
[22/06/2021, 18:48:10] - " [ 30, saved data to database,  ] "
[22/06/2021, 18:52:12] - " --- Calling webscraper "
[22/06/2021, 18:52:12] - " [ 35, saved data to database,  ] "
[22/06/2021, 18:56:09] - " --- Calling webscraper "
[22/06/2021, 18:56:09] - " [ 35,  ] "
[22/06/2021, 19:00:09] - " --- Calling webscraper "
[22/06/2021, 19:00:09] - " [ 40, saved data to database,  ] "
[22/06/2021, 19:04:09] - " --- Calling webscraper "
[22/06/2021, 19:04:09] - " [ 45, saved data to database,  ] "
[22/06/2021, 19:08:09] - " --- Calling webscraper "
[22/06/2021, 19:08:09] - " [ 50, saved data to database,  ] "
[22/06/2021, 19:12:09] - " --- Calling webscraper "
[22/06/2021, 19:12:09] - " [ 55, saved data to database,  ] "
[22/06/2021, 19:16:11] - " --- Calling webscraper "
[22/06/2021, 19:16:11] - " [ 55,  ] "
[22/06/2021, 19:20:09] - " --- Calling webscraper "
[22/06/2021, 19:20:09] - " [ 0, saved data to database,  ] "
[22/06/2021, 19:24:09] - " --- Calling webscraper "
[22/06/2021, 19:24:09] - " [ 5, saved data to database,  ] "
[22/06/2021, 19:28:09] - " --- Calling webscraper "
[22/06/2021, 19:28:09] - " [ 10, saved data to database,  ] "
[22/06/2021, 19:32:11] - " --- Calling webscraper "
[22/06/2021, 19:32:11] - " [ 15, saved data to database,  ] "
[22/06/2021, 19:36:09] - " --- Calling webscraper "
[22/06/2021, 19:36:09] - " [ 15,  ] "
[22/06/2021, 19:40:09] - " --- Calling webscraper "
[22/06/2021, 19:40:09] - " [ 20, saved data to database,  ] "
[22/06/2021, 19:44:08] - " --- Calling webscraper "
[22/06/2021, 19:44:08] - " [ 25, saved data to database,  ] "
[22/06/2021, 19:48:08] - " --- Calling webscraper "
[22/06/2021, 19:48:08] - " [ 30, saved data to database,  ] "
[22/06/2021, 19:52:08] - " --- Calling webscraper "
[22/06/2021, 19:52:08] - " [ 35, saved data to database,  ] "
[22/06/2021, 19:56:08] - " --- Calling webscraper "
[22/06/2021, 19:56:08] - " [ 35,  ] "
[22/06/2021, 20:00:08] - " --- Calling webscraper "
[22/06/2021, 20:00:08] - " [ 40, saved data to database,  ] "
[22/06/2021, 20:04:08] - " --- Calling webscraper "
[22/06/2021, 20:04:08] - " [ 45, saved data to database,  ] "
[22/06/2021, 20:08:09] - " --- Calling webscraper "
[22/06/2021, 20:08:09] - " [ 50, saved data to database,  ] "
[22/06/2021, 20:12:10] - " --- Calling webscraper "
[22/06/2021, 20:12:10] - " [ 55, saved data to database,  ] "
[22/06/2021, 20:16:09] - " --- Calling webscraper "
[22/06/2021, 20:16:09] - " [ 55,  ] "
[22/06/2021, 20:20:12] - " --- Calling webscraper "
[22/06/2021, 20:20:12] - " [ 0, saved data to database,  ] "
[22/06/2021, 20:24:10] - " --- Calling webscraper "
[22/06/2021, 20:24:10] - " [ 5, saved data to database,  ] "
[22/06/2021, 20:28:08] - " --- Calling webscraper "
[22/06/2021, 20:28:08] - " [ 10, saved data to database,  ] "
[22/06/2021, 20:32:09] - " --- Calling webscraper "
[22/06/2021, 20:32:09] - " [ 15, saved data to database,  ] "
[22/06/2021, 20:36:08] - " --- Calling webscraper "
[22/06/2021, 20:36:08] - " [ 15,  ] "
[22/06/2021, 20:40:08] - " --- Calling webscraper "
[22/06/2021, 20:40:08] - " [ 20, saved data to database,  ] "
[22/06/2021, 20:44:08] - " --- Calling webscraper "
[22/06/2021, 20:44:08] - " [ 25, saved data to database,  ] "
[22/06/2021, 20:48:08] - " --- Calling webscraper "
[22/06/2021, 20:48:08] - " [ 30, saved data to database,  ] "
[22/06/2021, 20:52:08] - " --- Calling webscraper "
[22/06/2021, 20:52:08] - " [ 35, saved data to database,  ] "
[22/06/2021, 20:56:08] - " --- Calling webscraper "
[22/06/2021, 20:56:08] - " [ 35,  ] "
[22/06/2021, 21:00:09] - " --- Calling webscraper "
[22/06/2021, 21:00:09] - " [ 40, saved data to database,  ] "
[22/06/2021, 21:04:09] - " --- Calling webscraper "
[22/06/2021, 21:04:09] - " [ 45, saved data to database,  ] "
[22/06/2021, 21:08:08] - " --- Calling webscraper "
[22/06/2021, 21:08:08] - " [ 50, saved data to database,  ] "
[22/06/2021, 21:12:08] - " --- Calling webscraper "
[22/06/2021, 21:12:08] - " [ 55, saved data to database,  ] "
[22/06/2021, 21:16:08] - " --- Calling webscraper "
[22/06/2021, 21:16:08] - " [ 55,  ] "
[22/06/2021, 21:20:08] - " --- Calling webscraper "
[22/06/2021, 21:20:08] - " [ 0, saved data to database,  ] "
[22/06/2021, 21:24:09] - " --- Calling webscraper "
[22/06/2021, 21:24:09] - " [ 5, saved data to database,  ] "
[22/06/2021, 21:28:08] - " --- Calling webscraper "
[22/06/2021, 21:28:08] - " [ 10, saved data to database,  ] "
[22/06/2021, 21:32:08] - " --- Calling webscraper "
[22/06/2021, 21:32:08] - " [ 15, saved data to database,  ] "
[22/06/2021, 21:36:08] - " --- Calling webscraper "
[22/06/2021, 21:36:08] - " [ 15,  ] "
[22/06/2021, 21:40:08] - " --- Calling webscraper "
[22/06/2021, 21:40:08] - " [ 20, saved data to database,  ] "
[22/06/2021, 21:44:08] - " --- Calling webscraper "
[22/06/2021, 21:44:08] - " [ 25, saved data to database,  ] "
[22/06/2021, 21:48:08] - " --- Calling webscraper "
[22/06/2021, 21:48:08] - " [ 30, saved data to database,  ] "
[22/06/2021, 21:52:08] - " --- Calling webscraper "
[22/06/2021, 21:52:08] - " [ 35, saved data to database,  ] "
[22/06/2021, 21:56:08] - " --- Calling webscraper "
[22/06/2021, 21:56:08] - " [ 35,  ] "
[22/06/2021, 22:00:09] - " --- Calling webscraper "
[22/06/2021, 22:00:09] - " [ 40, saved data to database,  ] "
[22/06/2021, 22:04:08] - " --- Calling webscraper "
[22/06/2021, 22:04:08] - " [ 45, saved data to database,  ] "
[22/06/2021, 22:08:09] - " [ 50, saved data to database,  ] "
[22/06/2021, 22:08:09] - " --- Calling webscraper "
[22/06/2021, 22:12:08] - " --- Calling webscraper "
[22/06/2021, 22:12:08] - " [ 55, saved data to database,  ] "
[22/06/2021, 22:16:08] - " --- Calling webscraper "
[22/06/2021, 22:16:08] - " [ 55,  ] "
[22/06/2021, 22:20:09] - " --- Calling webscraper "
[22/06/2021, 22:20:09] - " [ 0, saved data to database,  ] "
[22/06/2021, 22:24:09] - " --- Calling webscraper "
[22/06/2021, 22:24:09] - " [ 5, saved data to database,  ] "
[22/06/2021, 22:28:09] - " --- Calling webscraper "
[22/06/2021, 22:28:09] - " [ 10, saved data to database,  ] "
[22/06/2021, 22:32:09] - " --- Calling webscraper "
[22/06/2021, 22:32:09] - " [ 15, saved data to database,  ] "
[22/06/2021, 22:36:08] - " --- Calling webscraper "
[22/06/2021, 22:36:08] - " [ 15,  ] "
[22/06/2021, 22:40:08] - " --- Calling webscraper "
[22/06/2021, 22:40:08] - " [ 20, saved data to database,  ] "
[22/06/2021, 22:44:09] - " --- Calling webscraper "
[22/06/2021, 22:44:09] - " [ 25, saved data to database,  ] "
[22/06/2021, 22:48:08] - " --- Calling webscraper "
[22/06/2021, 22:48:08] - " [ 30, saved data to database,  ] "
[22/06/2021, 22:52:08] - " --- Calling webscraper "
[22/06/2021, 22:52:08] - " [ 35, saved data to database,  ] "
[22/06/2021, 22:56:08] - " --- Calling webscraper "
[22/06/2021, 22:56:08] - " [ 35,  ] "
[22/06/2021, 23:00:09] - " --- Calling webscraper "
[22/06/2021, 23:00:09] - " [ 40, saved data to database,  ] "
[22/06/2021, 23:04:09] - " --- Calling webscraper "
[22/06/2021, 23:04:09] - " [ 45, saved data to database,  ] "
[22/06/2021, 23:08:08] - " --- Calling webscraper "
[22/06/2021, 23:08:08] - " [ 50, saved data to database,  ] "
[22/06/2021, 23:12:08] - " --- Calling webscraper "
[22/06/2021, 23:12:08] - " [ 55, saved data to database,  ] "
[22/06/2021, 23:16:11] - " --- Calling webscraper "
[22/06/2021, 23:16:11] - " [ 55,  ] "
[22/06/2021, 23:20:09] - " --- Calling webscraper "
[22/06/2021, 23:20:09] - " [ 0, saved data to database,  ] "
[22/06/2021, 23:24:08] - " --- Calling webscraper "
[22/06/2021, 23:24:08] - " [ 5, saved data to database,  ] "
[22/06/2021, 23:28:12] - " --- Calling webscraper "
[22/06/2021, 23:28:12] - " [ 10, saved data to database,  ] "
[22/06/2021, 23:32:09] - " --- Calling webscraper "
[22/06/2021, 23:32:09] - " [ 15, saved data to database,  ] "
[22/06/2021, 23:36:09] - " --- Calling webscraper "
[22/06/2021, 23:36:09] - " [ 15,  ] "
[22/06/2021, 23:40:09] - " --- Calling webscraper "
[22/06/2021, 23:40:09] - " [ 20, saved data to database,  ] "
[22/06/2021, 23:44:09] - " --- Calling webscraper "
[22/06/2021, 23:44:09] - " [ 25, saved data to database,  ] "
[22/06/2021, 23:48:09] - " --- Calling webscraper "
[22/06/2021, 23:48:09] - " [ 30, saved data to database,  ] "
[22/06/2021, 23:52:08] - " --- Calling webscraper "
[22/06/2021, 23:52:08] - " [ 35, saved data to database,  ] "
[22/06/2021, 23:56:08] - " --- Calling webscraper "
[22/06/2021, 23:56:08] - " [ 35,  ] "
[23/06/2021, 00:00:09] - " --- Calling webscraper "
[23/06/2021, 00:00:09] - " [ 40, saved data to database,  ] "
[23/06/2021, 00:04:08] - " --- Calling webscraper "
[23/06/2021, 00:04:08] - " [ 45, saved data to database,  ] "
[23/06/2021, 00:08:09] - " --- Calling webscraper "
[23/06/2021, 00:08:09] - " [ 50, saved data to database,  ] "
[23/06/2021, 00:12:08] - " --- Calling webscraper "
[23/06/2021, 00:12:08] - " [ 50,  ] "
[23/06/2021, 00:16:08] - " --- Calling webscraper "
[23/06/2021, 00:16:08] - " [ 50,  ] "
[16-8-2021 16:33:16] - " Server is listening on port 5000 "
[16-8-2021 16:33:19] - " [ 15, saved data to database,  ] "
[16-8-2021 16:33:19] - " --- Calling webscraper "
[16-8-2021 16:37:19] - " --- Calling webscraper "
[16-8-2021 16:37:19] - " [ 20, saved data to database,  ] "
[16-8-2021 16:41:19] - " --- Calling webscraper "
[16-8-2021 16:41:19] - " [ 20,  ] "
[16-8-2021 16:45:19] - " --- Calling webscraper "
[16-8-2021 16:45:19] - " [ 25, saved data to database,  ] "
[16-8-2021 16:49:19] - " --- Calling webscraper "
[16-8-2021 16:49:19] - " [ 30, saved data to database,  ] "
[16-8-2021 16:53:19] - " --- Calling webscraper "
[16-8-2021 16:53:19] - " [ 35, saved data to database,  ] "
[16-8-2021 17:00:55] - " Server is listening on port 5000 "
[16-8-2021 17:00:58] - " --- Calling webscraper "
[16-8-2021 17:00:58] - " [ 40, saved data to database,  ] "
[16-8-2021 17:04:58] - " [ 45, saved data to database,  ] "
[16-8-2021 17:04:58] - " --- Calling webscraper "
[16-8-2021 17:08:58] - " --- Calling webscraper "
[16-8-2021 17:08:58] - " [ 50, saved data to database,  ] "
[16-8-2021 17:12:58] - " --- Calling webscraper "
[16-8-2021 17:12:58] - " [ 55, saved data to database,  ] "
[16-8-2021 17:16:58] - " --- Calling webscraper "
[16-8-2021 17:16:58] - " [ 55,  ] "
[16-8-2021 17:20:58] - " --- Calling webscraper "
[16-8-2021 17:20:58] - " [ 0, saved data to database,  ] "
[16-8-2021 17:24:58] - " --- Calling webscraper "
[16-8-2021 17:24:58] - " [ 5, saved data to database,  ] "
[16-8-2021 17:28:58] - " --- Calling webscraper "
[16-8-2021 17:28:58] - " [ 10, saved data to database,  ] "
[16-8-2021 17:32:58] - " --- Calling webscraper "
[16-8-2021 17:32:58] - " [ 15, saved data to database,  ] "
[16-8-2021 17:36:58] - " --- Calling webscraper "
[16-8-2021 17:36:58] - " [ 15,  ] "
[16-8-2021 17:40:58] - " --- Calling webscraper "
[16-8-2021 17:40:58] - " [ 20, saved data to database,  ] "
[16-8-2021 17:44:58] - " --- Calling webscraper "
[16-8-2021 17:44:58] - " [ 25, saved data to database,  ] "
[16-8-2021 17:48:58] - " --- Calling webscraper "
[16-8-2021 17:48:58] - " [ 30, saved data to database,  ] "
[16-8-2021 17:52:58] - " --- Calling webscraper "
[16-8-2021 17:52:58] - " [ 35, saved data to database,  ] "
[16-8-2021 17:56:58] - " --- Calling webscraper "
[16-8-2021 17:56:58] - " [ 40, saved data to database,  ] "
[16-8-2021 18:00:58] - " --- Calling webscraper "
[16-8-2021 18:00:58] - " [ 40,  ] "
[16-8-2021 18:04:58] - " --- Calling webscraper "
[16-8-2021 18:04:58] - " [ 45, saved data to database,  ] "
[16-8-2021 18:08:58] - " --- Calling webscraper "
[16-8-2021 18:08:58] - " [ 50, saved data to database,  ] "
[16-8-2021 18:12:58] - " --- Calling webscraper "
[16-8-2021 18:12:58] - " [ 55, saved data to database,  ] "
[16-8-2021 18:16:58] - " --- Calling webscraper "
[16-8-2021 18:16:58] - " [ 55,  ] "
[16-8-2021 18:20:58] - " --- Calling webscraper "
[16-8-2021 18:20:58] - " [ 0, saved data to database,  ] "
[16-8-2021 18:24:58] - " --- Calling webscraper "
[16-8-2021 18:24:58] - " [ 5, saved data to database,  ] "
[16-8-2021 18:28:58] - " --- Calling webscraper "
[16-8-2021 18:28:58] - " [ 10, saved data to database,  ] "
[16-8-2021 18:32:58] - " --- Calling webscraper "
[16-8-2021 18:32:58] - " [ 15, saved data to database,  ] "
[16-8-2021 18:36:58] - " --- Calling webscraper "
[16-8-2021 18:36:58] - " [ 15,  ] "
[16-8-2021 18:40:58] - " --- Calling webscraper "
[16-8-2021 18:40:58] - " [ 20, saved data to database,  ] "
[16-8-2021 18:44:58] - " --- Calling webscraper "
[16-8-2021 18:44:58] - " [ 25, saved data to database,  ] "
[16-8-2021 18:48:58] - " --- Calling webscraper "
[16-8-2021 18:48:58] - " [ 30, saved data to database,  ] "
[16-8-2021 18:52:58] - " --- Calling webscraper "
[16-8-2021 18:52:58] - " [ 35, saved data to database,  ] "
[16-8-2021 18:56:58] - " --- Calling webscraper "
[16-8-2021 18:56:58] - " [ 40, saved data to database,  ] "
[16-8-2021 19:00:58] - " --- Calling webscraper "
[16-8-2021 19:00:58] - " [ 40,  ] "
[16-8-2021 19:04:58] - " --- Calling webscraper "
[16-8-2021 19:04:58] - " [ 45, saved data to database,  ] "
[17-8-2021 10:45:25] - " Server is listening on port 5000 "
[17-8-2021 10:45:28] - " --- Calling webscraper "
[17-8-2021 10:45:28] - " [ 25, saved data to database,  ] "
[17-8-2021 10:49:28] - " --- Calling webscraper "
[17-8-2021 10:49:28] - " [ 30, saved data to database,  ] "
[17-8-2021 10:53:28] - " --- Calling webscraper "
[17-8-2021 10:53:28] - " [ 35, saved data to database,  ] "
[17-8-2021 10:57:28] - " --- Calling webscraper "
[17-8-2021 10:57:28] - " [ 40, saved data to database,  ] "
[17-8-2021 11:01:28] - " --- Calling webscraper "
[17-8-2021 11:01:28] - " [ 40,  ] "
[17-8-2021 11:05:28] - " --- Calling webscraper "
[17-8-2021 11:05:28] - " [ 45, saved data to database,  ] "
[17-8-2021 11:09:28] - " --- Calling webscraper "
[17-8-2021 11:09:28] - " [ 50, saved data to database,  ] "
[17-8-2021 11:13:29] - " --- Calling webscraper "
[17-8-2021 11:13:29] - " [ 55, saved data to database,  ] "
[17-8-2021 11:17:28] - " --- Calling webscraper "
[17-8-2021 11:17:28] - " [ 0, saved data to database,  ] "
[17-8-2021 11:21:28] - " --- Calling webscraper "
[17-8-2021 11:21:28] - " [ 0,  ] "
[17-8-2021 11:25:28] - " --- Calling webscraper "
[17-8-2021 11:25:28] - " [ 5, saved data to database,  ] "
[17-8-2021 11:29:29] - " --- Calling webscraper "
[17-8-2021 11:29:29] - " [ 10, saved data to database,  ] "
[17-8-2021 11:33:28] - " --- Calling webscraper "
[17-8-2021 11:33:28] - " [ 15, saved data to database,  ] "
[17-8-2021 11:37:28] - " --- Calling webscraper "
[17-8-2021 11:37:28] - " [ 20, saved data to database,  ] "
[17-8-2021 11:41:28] - " --- Calling webscraper "
[17-8-2021 11:41:28] - " [ 20,  ] "
[17-8-2021 11:45:28] - " --- Calling webscraper "
[17-8-2021 11:45:28] - " [ 25, saved data to database,  ] "
[17-8-2021 11:49:28] - " --- Calling webscraper "
[17-8-2021 11:49:28] - " [ 30, saved data to database,  ] "
[17-8-2021 11:53:28] - " --- Calling webscraper "
[17-8-2021 11:53:28] - " [ 35, saved data to database,  ] "
[17-8-2021 11:57:28] - " --- Calling webscraper "
[17-8-2021 11:57:28] - " [ 40, saved data to database,  ] "
[17-8-2021 12:01:28] - " --- Calling webscraper "
[17-8-2021 12:01:28] - " [ 40,  ] "
[17-8-2021 12:05:28] - " --- Calling webscraper "
[17-8-2021 12:05:28] - " [ 45, saved data to database,  ] "
[17-8-2021 12:09:28] - " --- Calling webscraper "
[17-8-2021 12:09:28] - " [ 50, saved data to database,  ] "
[17-8-2021 12:13:28] - " --- Calling webscraper "
[17-8-2021 12:13:28] - " [ 55, saved data to database,  ] "
[17-8-2021 12:17:28] - " --- Calling webscraper "
[17-8-2021 12:17:28] - " [ 0, saved data to database,  ] "
[17-8-2021 12:21:28] - " --- Calling webscraper "
[17-8-2021 12:21:28] - " [ 0,  ] "
[17-8-2021 12:25:28] - " --- Calling webscraper "
[17-8-2021 12:25:28] - " [ 5, saved data to database,  ] "
[17-8-2021 12:29:28] - " --- Calling webscraper "
[17-8-2021 12:29:28] - " [ 10, saved data to database,  ] "
[17-8-2021 12:33:28] - " --- Calling webscraper "
[17-8-2021 12:33:28] - " [ 15, saved data to database,  ] "
[17-8-2021 12:37:28] - " --- Calling webscraper "
[17-8-2021 12:37:28] - " [ 20, saved data to database,  ] "
[17-8-2021 12:41:28] - " --- Calling webscraper "
[17-8-2021 12:41:28] - " [ 20,  ] "
[17-8-2021 12:45:28] - " --- Calling webscraper "
[17-8-2021 12:45:28] - " [ 25, saved data to database,  ] "
[17-8-2021 12:49:28] - " --- Calling webscraper "
[17-8-2021 12:49:28] - " [ 30, saved data to database,  ] "
[17-8-2021 12:53:28] - " --- Calling webscraper "
[17-8-2021 12:53:28] - " [ 35, saved data to database,  ] "
[17-8-2021 12:57:29] - " --- Calling webscraper "
[17-8-2021 12:57:29] - " [ 40, saved data to database,  ] "
[17-8-2021 13:01:28] - " --- Calling webscraper "
[17-8-2021 13:01:28] - " [ 40,  ] "
[17-8-2021 13:05:29] - " --- Calling webscraper "
[17-8-2021 13:05:29] - " [ 45, saved data to database,  ] "
[17-8-2021 13:09:38] - " --- Calling webscraper "
[17-8-2021 13:09:38] - " [ 50, saved data to database,  ] "
[17-8-2021 13:13:30] - " --- Calling webscraper "
[17-8-2021 13:13:30] - " [ 55, saved data to database,  ] "
[17-8-2021 13:17:28] - " --- Calling webscraper "
[17-8-2021 13:17:28] - " [ 0, saved data to database,  ] "
[17-8-2021 13:21:29] - " --- Calling webscraper "
[17-8-2021 13:21:29] - " [ 0,  ] "
[17-8-2021 13:25:29] - " --- Calling webscraper "
[17-8-2021 13:25:29] - " [ 5, saved data to database,  ] "
[17-8-2021 13:29:28] - " --- Calling webscraper "
[17-8-2021 13:29:28] - " [ 10, saved data to database,  ] "
[17-8-2021 13:33:29] - " --- Calling webscraper "
[17-8-2021 13:33:29] - " [ 15, saved data to database,  ] "
[17-8-2021 13:37:28] - " --- Calling webscraper "
[17-8-2021 13:37:28] - " [ 20, saved data to database,  ] "
[17-8-2021 13:41:28] - " --- Calling webscraper "
[17-8-2021 13:41:28] - " [ 20,  ] "
[17-8-2021 13:45:28] - " --- Calling webscraper "
[17-8-2021 13:45:28] - " [ 25, saved data to database,  ] "
[17-8-2021 13:49:28] - " --- Calling webscraper "
[17-8-2021 13:49:28] - " [ 30, saved data to database,  ] "
[17-8-2021 13:53:28] - " --- Calling webscraper "
[17-8-2021 13:53:28] - " [ 35, saved data to database,  ] "
[17-8-2021 13:57:28] - " --- Calling webscraper "
[17-8-2021 13:57:28] - " [ 40, saved data to database,  ] "
[17-8-2021 14:01:28] - " --- Calling webscraper "
[17-8-2021 14:01:28] - " [ 40,  ] "
[17-8-2021 14:05:28] - " --- Calling webscraper "
[17-8-2021 14:05:28] - " [ 45, saved data to database,  ] "
[17-8-2021 14:09:29] - " --- Calling webscraper "
[17-8-2021 14:09:29] - " [ 50, saved data to database,  ] "
[17-8-2021 14:13:33] - " --- Calling webscraper "
[17-8-2021 14:13:33] - " [ 55, saved data to database,  ] "
[17-8-2021 14:17:33] - " --- Calling webscraper "
[17-8-2021 14:17:33] - " [ 0, saved data to database,  ] "
[17-8-2021 14:21:30] - " --- Calling webscraper "
[17-8-2021 14:21:30] - " [ 0,  ] "
[17-8-2021 14:25:30] - " --- Calling webscraper "
[17-8-2021 14:25:30] - " [ 5, saved data to database,  ] "
[17-8-2021 14:29:30] - " --- Calling webscraper "
[17-8-2021 14:29:30] - " [ 10, saved data to database,  ] "
[17-8-2021 14:33:30] - " --- Calling webscraper "
[17-8-2021 14:33:30] - " [ 15, saved data to database,  ] "
[17-8-2021 14:37:29] - " --- Calling webscraper "
[17-8-2021 14:37:29] - " [ 20, saved data to database,  ] "
[17-8-2021 14:41:29] - " --- Calling webscraper "
[17-8-2021 14:41:29] - " [ 20,  ] "
[17-8-2021 14:45:28] - " --- Calling webscraper "
[17-8-2021 14:45:28] - " [ 25, saved data to database,  ] "
[17-8-2021 14:49:28] - " --- Calling webscraper "
[17-8-2021 14:49:28] - " [ 30, saved data to database,  ] "
[17-8-2021 14:53:28] - " --- Calling webscraper "
[17-8-2021 14:53:28] - " [ 35, saved data to database,  ] "
[17-8-2021 14:57:29] - " --- Calling webscraper "
[17-8-2021 14:57:29] - " [ 40, saved data to database,  ] "
[17-8-2021 15:01:28] - " [ 40,  ] "
[17-8-2021 15:01:28] - " --- Calling webscraper "
[17-8-2021 15:05:28] - " --- Calling webscraper "
[17-8-2021 15:05:28] - " [ 45, saved data to database,  ] "
[17-8-2021 15:09:28] - " --- Calling webscraper "
[17-8-2021 15:09:28] - " [ 50, saved data to database,  ] "
[17-8-2021 15:13:28] - " --- Calling webscraper "
[17-8-2021 15:13:28] - " [ 55, saved data to database,  ] "
[17-8-2021 15:17:28] - " --- Calling webscraper "
[17-8-2021 15:17:28] - " [ 0, saved data to database,  ] "
[17-8-2021 15:21:28] - " --- Calling webscraper "
[17-8-2021 15:21:28] - " [ 0,  ] "
[17-8-2021 15:25:28] - " --- Calling webscraper "
[17-8-2021 15:25:28] - " [ 5, saved data to database,  ] "
[17-8-2021 15:29:28] - " --- Calling webscraper "
[17-8-2021 15:29:28] - " [ 10, saved data to database,  ] "
[17-8-2021 15:33:28] - " --- Calling webscraper "
[17-8-2021 15:33:28] - " [ 15, saved data to database,  ] "
[17-8-2021 15:37:29] - " --- Calling webscraper "
[17-8-2021 15:37:29] - " [ 20, saved data to database,  ] "
[17-8-2021 15:41:29] - " --- Calling webscraper "
[17-8-2021 15:41:29] - " [ 20,  ] "
[17-8-2021 15:45:29] - " --- Calling webscraper "
[17-8-2021 15:45:29] - " [ 25, saved data to database,  ] "
[17-8-2021 15:49:29] - " --- Calling webscraper "
[17-8-2021 15:49:29] - " [ 30, saved data to database,  ] "
[17-8-2021 15:53:29] - " --- Calling webscraper "
[17-8-2021 15:53:29] - " [ 35, saved data to database,  ] "
[17-8-2021 15:57:29] - " --- Calling webscraper "
[17-8-2021 15:57:29] - " [ 40, saved data to database,  ] "
[17-8-2021 16:01:29] - " --- Calling webscraper "
[17-8-2021 16:01:29] - " [ 40,  ] "
[17-8-2021 16:05:29] - " --- Calling webscraper "
[17-8-2021 16:05:29] - " [ 45, saved data to database,  ] "
[17-8-2021 16:09:29] - " --- Calling webscraper "
[17-8-2021 16:09:29] - " [ 50, saved data to database,  ] "
[17-8-2021 16:13:29] - " --- Calling webscraper "
[17-8-2021 16:13:29] - " [ 55, saved data to database,  ] "
[17-8-2021 16:17:28] - " [ 0, saved data to database,  ] "
[17-8-2021 16:17:28] - " --- Calling webscraper "
[17-8-2021 16:21:28] - " --- Calling webscraper "
[17-8-2021 16:21:28] - " [ 0,  ] "
[17-8-2021 16:25:29] - " --- Calling webscraper "
[17-8-2021 16:25:29] - " [ 5, saved data to database,  ] "
[17-8-2021 16:29:28] - " --- Calling webscraper "
[17-8-2021 16:29:28] - " [ 10, saved data to database,  ] "
[17-8-2021 16:33:29] - " --- Calling webscraper "
[17-8-2021 16:33:29] - " [ 15, saved data to database,  ] "
[17-8-2021 16:37:28] - " --- Calling webscraper "
[17-8-2021 16:37:28] - " [ 20, saved data to database,  ] "
[17-8-2021 16:41:28] - " --- Calling webscraper "
[17-8-2021 16:41:28] - " [ 20,  ] "
[17-8-2021 16:45:29] - " --- Calling webscraper "
[17-8-2021 16:45:29] - " [ 25, saved data to database,  ] "
[17-8-2021 16:49:29] - " --- Calling webscraper "
[17-8-2021 16:49:29] - " [ 30, saved data to database,  ] "
[17-8-2021 16:53:29] - " --- Calling webscraper "
[17-8-2021 16:53:29] - " [ 35, saved data to database,  ] "
[17-8-2021 16:57:29] - " --- Calling webscraper "
[17-8-2021 16:57:29] - " [ 40, saved data to database,  ] "
[17-8-2021 17:01:28] - " --- Calling webscraper "
[17-8-2021 17:01:28] - " [ 40,  ] "
[17-8-2021 17:05:29] - " --- Calling webscraper "
[17-8-2021 17:05:29] - " [ 45, saved data to database,  ] "
[17-8-2021 17:09:29] - " --- Calling webscraper "
[17-8-2021 17:09:29] - " [ 50, saved data to database,  ] "
[17-8-2021 17:13:29] - " --- Calling webscraper "
[17-8-2021 17:13:29] - " [ 55, saved data to database,  ] "
[17-8-2021 17:17:29] - " --- Calling webscraper "
[17-8-2021 17:17:29] - " [ 0, saved data to database,  ] "
[17-8-2021 17:21:29] - " --- Calling webscraper "
[17-8-2021 17:21:29] - " [ 0,  ] "
[17-8-2021 17:25:29] - " --- Calling webscraper "
[17-8-2021 17:25:29] - " [ 5, saved data to database,  ] "
[17-8-2021 17:29:29] - " --- Calling webscraper "
[17-8-2021 17:29:29] - " [ 10, saved data to database,  ] "
[17-8-2021 17:33:29] - " --- Calling webscraper "
[17-8-2021 17:33:29] - " [ 15, saved data to database,  ] "
[17-8-2021 17:37:29] - " --- Calling webscraper "
[17-8-2021 17:37:29] - " [ 20, saved data to database,  ] "
[17-8-2021 17:41:29] - " --- Calling webscraper "
[17-8-2021 17:41:29] - " [ 20,  ] "
[17-8-2021 17:45:29] - " --- Calling webscraper "
[17-8-2021 17:45:29] - " [ 25, saved data to database,  ] "
[17-8-2021 17:49:29] - " --- Calling webscraper "
[17-8-2021 17:49:29] - " [ 30, saved data to database,  ] "
[17-8-2021 17:53:29] - " --- Calling webscraper "
[17-8-2021 17:53:29] - " [ 35, saved data to database,  ] "
[17-8-2021 17:57:29] - " --- Calling webscraper "
[17-8-2021 17:57:29] - " [ 40, saved data to database,  ] "
[17-8-2021 18:01:29] - " --- Calling webscraper "
[17-8-2021 18:01:29] - " [ 40,  ] "
[17-8-2021 18:05:29] - " --- Calling webscraper "
[17-8-2021 18:05:29] - " [ 45, saved data to database,  ] "
[17-8-2021 18:09:29] - " --- Calling webscraper "
[17-8-2021 18:09:29] - " [ 50, saved data to database,  ] "
[17-8-2021 18:13:29] - " --- Calling webscraper "
[17-8-2021 18:13:29] - " [ 55, saved data to database,  ] "
[17-8-2021 18:17:29] - " --- Calling webscraper "
[17-8-2021 18:17:29] - " [ 0, saved data to database,  ] "
[17-8-2021 18:21:29] - " --- Calling webscraper "
[17-8-2021 18:21:29] - " [ 0,  ] "
[17-8-2021 18:25:29] - " --- Calling webscraper "
[17-8-2021 18:25:29] - " [ 5, saved data to database,  ] "
[17-8-2021 18:29:29] - " --- Calling webscraper "
[17-8-2021 18:29:29] - " [ 10, saved data to database,  ] "
[17-8-2021 18:33:29] - " --- Calling webscraper "
[17-8-2021 18:33:29] - " [ 15, saved data to database,  ] "
[17-8-2021 18:37:29] - " --- Calling webscraper "
[17-8-2021 18:37:29] - " [ 20, saved data to database,  ] "
[17-8-2021 18:41:29] - " --- Calling webscraper "
[17-8-2021 18:41:29] - " [ 20,  ] "
[17-8-2021 18:45:29] - " --- Calling webscraper "
[17-8-2021 18:45:29] - " [ 25, saved data to database,  ] "
[17-8-2021 18:49:29] - " --- Calling webscraper "
[17-8-2021 18:49:29] - " [ 30, saved data to database,  ] "
[17-8-2021 18:53:29] - " --- Calling webscraper "
[17-8-2021 18:53:29] - " [ 35, saved data to database,  ] "
[17-8-2021 18:57:30] - " --- Calling webscraper "
[17-8-2021 18:57:30] - " [ 40, saved data to database,  ] "
[17-8-2021 19:01:29] - " --- Calling webscraper "
[17-8-2021 19:01:29] - " [ 40,  ] "
[17-8-2021 19:05:29] - " --- Calling webscraper "
[17-8-2021 19:05:29] - " [ 45, saved data to database,  ] "
[17-8-2021 19:09:29] - " --- Calling webscraper "
[17-8-2021 19:09:29] - " [ 50, saved data to database,  ] "
[17-8-2021 19:13:29] - " --- Calling webscraper "
[17-8-2021 19:13:29] - " [ 55, saved data to database,  ] "
[17-8-2021 19:17:32] - " --- Calling webscraper "
[17-8-2021 19:17:32] - " [ 0, saved data to database,  ] "
[17-8-2021 19:21:29] - " --- Calling webscraper "
[17-8-2021 19:21:29] - " [ 0,  ] "
[17-8-2021 19:25:29] - " --- Calling webscraper "
[17-8-2021 19:25:29] - " [ 5, saved data to database,  ] "
[17-8-2021 19:29:29] - " --- Calling webscraper "
[17-8-2021 19:29:29] - " [ 10, saved data to database,  ] "
[17-8-2021 19:33:29] - " --- Calling webscraper "
[17-8-2021 19:33:29] - " [ 15, saved data to database,  ] "
[17-8-2021 19:37:29] - " --- Calling webscraper "
[17-8-2021 19:37:29] - " [ 20, saved data to database,  ] "
[17-8-2021 19:41:32] - " --- Calling webscraper "
[17-8-2021 19:41:32] - " [ 20,  ] "
[17-8-2021 19:45:29] - " --- Calling webscraper "
[17-8-2021 19:45:29] - " [ 25, saved data to database,  ] "
[17-8-2021 19:49:30] - " --- Calling webscraper "
[17-8-2021 19:49:30] - " [ 30, saved data to database,  ] "
[17-8-2021 19:53:29] - " --- Calling webscraper "
[17-8-2021 19:53:29] - " [ 35, saved data to database,  ] "
[17-8-2021 19:57:32] - " --- Calling webscraper "
[17-8-2021 19:57:32] - " [ 40, saved data to database,  ] "
[17-8-2021 20:01:29] - " --- Calling webscraper "
[17-8-2021 20:01:29] - " [ 40,  ] "
[17-8-2021 20:04:30] - " Server is listening on port 5000 "
[17-8-2021 20:04:33] - " --- Calling webscraper "
[17-8-2021 20:04:33] - " [ 45, saved data to database,  ] "
[17-8-2021 20:08:33] - " --- Calling webscraper "
[17-8-2021 20:08:33] - " [ 50, saved data to database,  ] "
[17-8-2021 20:12:37] - " --- Calling webscraper "
[17-8-2021 20:12:37] - " [ 55, saved data to database,  ] "
[17-8-2021 20:16:35] - " --- Calling webscraper "
[17-8-2021 20:16:35] - " [ 55,  ] "
[17-8-2021 20:20:42] - " --- Calling webscraper "
[17-8-2021 20:20:42] - " [ 0, saved data to database,  ] "
[17-8-2021 20:24:33] - " --- Calling webscraper "
[17-8-2021 20:24:33] - " [ 5, saved data to database,  ] "
[17-8-2021 20:28:33] - " --- Calling webscraper "
[17-8-2021 20:28:33] - " [ 10, saved data to database,  ] "
[17-8-2021 20:32:33] - " --- Calling webscraper "
[17-8-2021 20:32:33] - " [ 15, saved data to database,  ] "
[17-8-2021 20:36:33] - " --- Calling webscraper "
[17-8-2021 20:36:33] - " [ 15,  ] "
[17-8-2021 20:40:33] - " --- Calling webscraper "
[17-8-2021 20:40:33] - " [ 20, saved data to database,  ] "
[17-8-2021 20:44:33] - " --- Calling webscraper "
[17-8-2021 20:44:33] - " [ 25, saved data to database,  ] "
[17-8-2021 20:48:33] - " --- Calling webscraper "
[17-8-2021 20:48:33] - " [ 30, saved data to database,  ] "
[17-8-2021 20:52:33] - " --- Calling webscraper "
[17-8-2021 20:52:33] - " [ 35, saved data to database,  ] "
[17-8-2021 20:56:33] - " --- Calling webscraper "
[17-8-2021 20:56:33] - " [ 35,  ] "
[17-8-2021 21:00:33] - " --- Calling webscraper "
[17-8-2021 21:00:33] - " [ 40, saved data to database,  ] "
[17-8-2021 21:04:33] - " --- Calling webscraper "
[17-8-2021 21:04:33] - " [ 45, saved data to database,  ] "
[17-8-2021 21:08:33] - " --- Calling webscraper "
[17-8-2021 21:08:33] - " [ 50, saved data to database,  ] "
[17-8-2021 21:12:33] - " --- Calling webscraper "
[17-8-2021 21:12:33] - " [ 55, saved data to database,  ] "
[17-8-2021 21:16:33] - " --- Calling webscraper "
[17-8-2021 21:16:33] - " [ 55,  ] "
[17-8-2021 21:20:33] - " --- Calling webscraper "
[17-8-2021 21:20:33] - " [ 0, saved data to database,  ] "
[17-8-2021 21:24:33] - " --- Calling webscraper "
[17-8-2021 21:24:33] - " [ 5, saved data to database,  ] "
[17-8-2021 21:28:33] - " --- Calling webscraper "
[17-8-2021 21:28:33] - " [ 10, saved data to database,  ] "
[17-8-2021 21:32:33] - " --- Calling webscraper "
[17-8-2021 21:32:33] - " [ 15, saved data to database,  ] "
[17-8-2021 21:36:33] - " --- Calling webscraper "
[17-8-2021 21:36:33] - " [ 15,  ] "
[17-8-2021 21:40:33] - " --- Calling webscraper "
[17-8-2021 21:40:33] - " [ 20, saved data to database,  ] "
[17-8-2021 21:44:33] - " --- Calling webscraper "
[17-8-2021 21:44:33] - " [ 25, saved data to database,  ] "
[18-8-2021 11:12:48] - " Server is listening on port 5000 "
[18-8-2021 11:12:52] - " --- Calling webscraper "
[18-8-2021 11:12:52] - " [ 55, saved data to database,  ] "
[18-8-2021 11:16:51] - " --- Calling webscraper "
[18-8-2021 11:16:51] - " [ 55,  ] "
[18-8-2021 11:20:52] - " --- Calling webscraper "
[18-8-2021 11:20:52] - " [ 0, saved data to database,  ] "
[18-8-2021 11:24:51] - " --- Calling webscraper "
[18-8-2021 11:24:51] - " [ 5, saved data to database,  ] "
[18-8-2021 11:28:51] - " --- Calling webscraper "
[18-8-2021 11:28:51] - " [ 10, saved data to database,  ] "
[18-8-2021 11:32:55] - " [ 15, saved data to database,  ] "
[18-8-2021 11:32:55] - " --- Calling webscraper "
[18-8-2021 11:36:51] - " --- Calling webscraper "
[18-8-2021 11:36:51] - " [ 15,  ] "
[18-8-2021 11:40:51] - " --- Calling webscraper "
[18-8-2021 11:40:51] - " [ 20, saved data to database,  ] "
[18-8-2021 11:44:51] - " --- Calling webscraper "
[18-8-2021 11:44:51] - " [ 25, saved data to database,  ] "
[18-8-2021 11:48:51] - " --- Calling webscraper "
[18-8-2021 11:48:51] - " [ 30, saved data to database,  ] "
[18-8-2021 11:52:51] - " --- Calling webscraper "
[18-8-2021 11:52:51] - " [ 35, saved data to database,  ] "
[18-8-2021 11:56:51] - " --- Calling webscraper "
[18-8-2021 11:56:51] - " [ 35,  ] "
[18-8-2021 12:00:51] - " --- Calling webscraper "
[18-8-2021 12:00:51] - " [ 40, saved data to database,  ] "
[18-8-2021 12:04:51] - " --- Calling webscraper "
[18-8-2021 12:04:51] - " [ 45, saved data to database,  ] "
[18-8-2021 12:08:54] - " --- Calling webscraper "
[18-8-2021 12:08:54] - " [ 50, saved data to database,  ] "
[18-8-2021 12:12:52] - " --- Calling webscraper "
[18-8-2021 12:12:52] - " [ 55, saved data to database,  ] "
[18-8-2021 12:16:52] - " --- Calling webscraper "
[18-8-2021 12:16:52] - " [ 55,  ] "
[18-8-2021 12:20:52] - " --- Calling webscraper "
[18-8-2021 12:20:52] - " [ 0, saved data to database,  ] "
[18-8-2021 12:24:58] - " --- Calling webscraper "
[18-8-2021 12:24:58] - " [ 5, saved data to database,  ] "
[18-8-2021 12:29:04] - " --- Calling webscraper "
[18-8-2021 12:29:04] - " [ 10, saved data to database,  ] "
[18-8-2021 12:32:52] - " --- Calling webscraper "
[18-8-2021 12:32:52] - " [ 15, saved data to database,  ] "
[18-8-2021 12:36:52] - " --- Calling webscraper "
[18-8-2021 12:36:52] - " [ 15,  ] "
[18-8-2021 12:40:52] - " [ 20, saved data to database,  ] "
[18-8-2021 12:40:52] - " --- Calling webscraper "
[18-8-2021 12:44:52] - " --- Calling webscraper "
[18-8-2021 12:44:52] - " [ 25, saved data to database,  ] "
[18-8-2021 12:48:52] - " [ 30, saved data to database,  ] "
[18-8-2021 12:48:52] - " --- Calling webscraper "
[18-8-2021 12:52:52] - " --- Calling webscraper "
[18-8-2021 12:52:52] - " [ 35, saved data to database,  ] "
[18-8-2021 12:56:52] - " --- Calling webscraper "
[18-8-2021 12:56:52] - " [ 35,  ] "
[18-8-2021 13:00:52] - " --- Calling webscraper "
[18-8-2021 13:00:52] - " [ 40, saved data to database,  ] "
[18-8-2021 13:04:52] - " --- Calling webscraper "
[18-8-2021 13:04:52] - " [ 45, saved data to database,  ] "
[18-8-2021 13:08:52] - " --- Calling webscraper "
[18-8-2021 13:08:52] - " [ 50, saved data to database,  ] "
[18-8-2021 13:12:52] - " --- Calling webscraper "
[18-8-2021 13:12:52] - " [ 55, saved data to database,  ] "
[18-8-2021 13:16:52] - " --- Calling webscraper "
[18-8-2021 13:16:52] - " [ 55,  ] "
[18-8-2021 13:20:52] - " --- Calling webscraper "
[18-8-2021 13:20:52] - " [ 0, saved data to database,  ] "
[18-8-2021 13:24:52] - " --- Calling webscraper "
[18-8-2021 13:24:52] - " [ 5, saved data to database,  ] "
[18-8-2021 13:28:52] - " --- Calling webscraper "
[18-8-2021 13:28:52] - " [ 10, saved data to database,  ] "
[18-8-2021 13:32:52] - " --- Calling webscraper "
[18-8-2021 13:32:52] - " [ 15, saved data to database,  ] "
[18-8-2021 13:36:52] - " --- Calling webscraper "
[18-8-2021 13:36:52] - " [ 15,  ] "
[18-8-2021 13:40:52] - " --- Calling webscraper "
[18-8-2021 13:40:52] - " [ 20, saved data to database,  ] "
[18-8-2021 13:44:52] - " --- Calling webscraper "
[18-8-2021 13:44:52] - " [ 25, saved data to database,  ] "
[18-8-2021 13:48:52] - " --- Calling webscraper "
[18-8-2021 13:48:52] - " [ 30, saved data to database,  ] "
[18-8-2021 13:52:52] - " --- Calling webscraper "
[18-8-2021 13:52:52] - " [ 35, saved data to database,  ] "
[18-8-2021 13:56:52] - " --- Calling webscraper "
[18-8-2021 13:56:52] - " [ 35,  ] "
[18-8-2021 14:00:52] - " --- Calling webscraper "
[18-8-2021 14:00:52] - " [ 40, saved data to database,  ] "
[18-8-2021 14:04:52] - " --- Calling webscraper "
[18-8-2021 14:04:52] - " [ 45, saved data to database,  ] "
[18-8-2021 14:08:52] - " --- Calling webscraper "
[18-8-2021 14:08:52] - " [ 50, saved data to database,  ] "
[18-8-2021 14:12:52] - " --- Calling webscraper "
[18-8-2021 14:12:52] - " [ 55, saved data to database,  ] "
[18-8-2021 14:16:52] - " --- Calling webscraper "
[18-8-2021 14:16:52] - " [ 55,  ] "
[18-8-2021 14:20:52] - " --- Calling webscraper "
[18-8-2021 14:20:52] - " [ 0, saved data to database,  ] "
[18-8-2021 14:24:52] - " --- Calling webscraper "
[18-8-2021 14:24:52] - " [ 5, saved data to database,  ] "
[18-8-2021 14:28:52] - " --- Calling webscraper "
[18-8-2021 14:28:52] - " [ 10, saved data to database,  ] "
[18-8-2021 14:32:52] - " --- Calling webscraper "
[18-8-2021 14:32:52] - " [ 15, saved data to database,  ] "
[18-8-2021 14:36:52] - " --- Calling webscraper "
[18-8-2021 14:36:52] - " [ 15,  ] "
[18-8-2021 14:40:52] - " --- Calling webscraper "
[18-8-2021 14:40:52] - " [ 20, saved data to database,  ] "
[18-8-2021 14:44:52] - " --- Calling webscraper "
[18-8-2021 14:44:52] - " [ 25, saved data to database,  ] "
[18-8-2021 14:48:52] - " --- Calling webscraper "
[18-8-2021 14:48:52] - " [ 30, saved data to database,  ] "
[18-8-2021 14:52:52] - " --- Calling webscraper "
[18-8-2021 14:52:52] - " [ 35, saved data to database,  ] "
[18-8-2021 14:56:52] - " --- Calling webscraper "
[18-8-2021 14:56:52] - " [ 35,  ] "
[18-8-2021 15:00:53] - " --- Calling webscraper "
[18-8-2021 15:00:53] - " [ 40, saved data to database,  ] "
[18-8-2021 15:04:52] - " --- Calling webscraper "
[18-8-2021 15:04:52] - " [ 45, saved data to database,  ] "
[18-8-2021 15:08:52] - " --- Calling webscraper "
[18-8-2021 15:08:52] - " [ 50, saved data to database,  ] "
[18-8-2021 15:12:52] - " --- Calling webscraper "
[18-8-2021 15:12:52] - " [ 55, saved data to database,  ] "
[18-8-2021 15:16:58] - " --- Calling webscraper "
[18-8-2021 15:16:58] - " [ 55,  ] "
[18-8-2021 15:20:53] - " --- Calling webscraper "
[18-8-2021 15:20:53] - " [ 0, saved data to database,  ] "
[18-8-2021 15:24:53] - " --- Calling webscraper "
[18-8-2021 15:24:53] - " [ 5, saved data to database,  ] "
[18-8-2021 15:28:52] - " --- Calling webscraper "
[18-8-2021 15:28:52] - " [ 10, saved data to database,  ] "
[18-8-2021 15:32:52] - " --- Calling webscraper "
[18-8-2021 15:32:52] - " [ 16, saved data to database,  ] "
[18-8-2021 15:36:57] - " --- Calling webscraper "
[18-8-2021 15:36:57] - " [ 16,  ] "
[18-8-2021 15:40:52] - " --- Calling webscraper "
[18-8-2021 15:40:52] - " [ 20, saved data to database,  ] "
[18-8-2021 15:44:52] - " --- Calling webscraper "
[18-8-2021 15:44:52] - " [ 25, saved data to database,  ] "
[18-8-2021 15:49:09] - " --- Calling webscraper "
[18-8-2021 15:49:09] - " [ 30, saved data to database,  ] "
[18-8-2021 15:52:55] - " --- Calling webscraper "
[18-8-2021 15:52:55] - " [ 35, saved data to database,  ] "
[18-8-2021 15:56:53] - " --- Calling webscraper "
[18-8-2021 15:56:53] - " [ 35,  ] "
[18-8-2021 16:00:52] - " --- Calling webscraper "
[18-8-2021 16:00:52] - " [ 40, saved data to database,  ] "
[18-8-2021 16:04:53] - " --- Calling webscraper "
[18-8-2021 16:04:53] - " [ 45, saved data to database,  ] "
[18-8-2021 16:08:52] - " --- Calling webscraper "
[18-8-2021 16:08:52] - " [ 50, saved data to database,  ] "
[18-8-2021 16:12:55] - " --- Calling webscraper "
[18-8-2021 16:12:55] - " [ 55, saved data to database,  ] "
[18-8-2021 16:16:58] - " --- Calling webscraper "
[18-8-2021 16:16:58] - " [ 55,  ] "
[18-8-2021 16:20:53] - " --- Calling webscraper "
[18-8-2021 16:20:53] - " [ 0, saved data to database,  ] "
[18-8-2021 16:25:12] - " --- Calling webscraper "
[18-8-2021 16:25:12] - " [ 5, saved data to database,  ] "
[18-8-2021 16:28:53] - " --- Calling webscraper "
[18-8-2021 16:28:53] - " [ 10, saved data to database,  ] "
[18-8-2021 16:32:53] - " --- Calling webscraper "
[18-8-2021 16:32:53] - " [ 15, saved data to database,  ] "
[18-8-2021 16:36:56] - " --- Calling webscraper "
[18-8-2021 16:36:56] - " [ 15,  ] "
[18-8-2021 16:40:53] - " --- Calling webscraper "
[18-8-2021 16:40:53] - " [ 20, saved data to database,  ] "
[18-8-2021 16:44:53] - " --- Calling webscraper "
[18-8-2021 16:44:53] - " [ 25, saved data to database,  ] "
[18-8-2021 16:48:53] - " --- Calling webscraper "
[18-8-2021 16:48:53] - " [ 30, saved data to database,  ] "
[18-8-2021 16:52:53] - " --- Calling webscraper "
[18-8-2021 16:52:53] - " [ 35, saved data to database,  ] "
[18-8-2021 16:57:24] - " --- Calling webscraper "
[18-8-2021 16:57:24] - " [ 40, saved data to database,  ] "
[18-8-2021 17:00:52] - " --- Calling webscraper "
[18-8-2021 17:00:52] - " [ 40,  ] "
[18-8-2021 17:04:52] - " --- Calling webscraper "
[18-8-2021 17:04:52] - " [ 45, saved data to database,  ] "
[18-8-2021 17:08:54] - " --- Calling webscraper "
[18-8-2021 17:08:54] - " [ 50, saved data to database,  ] "
[18-8-2021 17:12:57] - " --- Calling webscraper "
[18-8-2021 17:12:57] - " [ 55, saved data to database,  ] "
[18-8-2021 17:16:53] - " --- Calling webscraper "
[18-8-2021 17:16:53] - " [ 55,  ] "
[18-8-2021 17:21:18] - " --- Calling webscraper "
[18-8-2021 17:21:18] - " [ 0, saved data to database,  ] "
[18-8-2021 17:24:58] - " --- Calling webscraper "
[18-8-2021 17:24:58] - " [ 5, saved data to database,  ] "
[18-8-2021 17:28:53] - " --- Calling webscraper "
[18-8-2021 17:28:53] - " [ 10, saved data to database,  ] "
[18-8-2021 17:32:53] - " --- Calling webscraper "
[18-8-2021 17:32:53] - " [ 15, saved data to database,  ] "
[18-8-2021 17:36:54] - " --- Calling webscraper "
[18-8-2021 17:36:54] - " [ 15,  ] "
[18-8-2021 17:40:54] - " --- Calling webscraper "
[18-8-2021 17:40:54] - " [ 20, saved data to database,  ] "
[18-8-2021 17:44:54] - " --- Calling webscraper "
[18-8-2021 17:44:54] - " [ 25, saved data to database,  ] "
[18-8-2021 17:48:55] - " --- Calling webscraper "
[18-8-2021 17:48:55] - " [ 30, saved data to database,  ] "
[18-8-2021 17:52:54] - " --- Calling webscraper "
[18-8-2021 17:52:54] - " [ 35, saved data to database,  ] "
[18-8-2021 17:56:54] - " --- Calling webscraper "
[18-8-2021 17:56:54] - " [ 35,  ] "
[18-8-2021 18:00:54] - " --- Calling webscraper "
[18-8-2021 18:00:54] - " [ 40, saved data to database,  ] "
[18-8-2021 18:05:15] - " --- Calling webscraper "
[18-8-2021 18:05:15] - " [ 45, saved data to database,  ] "
[18-8-2021 18:08:58] - " --- Calling webscraper "
[18-8-2021 18:08:58] - " [ 50, saved data to database,  ] "
[18-8-2021 18:12:53] - " --- Calling webscraper "
[18-8-2021 18:12:53] - " [ 55, saved data to database,  ] "
[18-8-2021 18:16:54] - " --- Calling webscraper "
[18-8-2021 18:16:54] - " [ 55,  ] "
[18-8-2021 18:20:56] - " --- Calling webscraper "
[18-8-2021 18:20:56] - " [ 0, saved data to database,  ] "
[18-8-2021 18:24:59] - " --- Calling webscraper "
[18-8-2021 18:24:59] - " [ 5, saved data to database,  ] "
[18-8-2021 18:28:54] - " --- Calling webscraper "
[18-8-2021 18:28:54] - " [ 10, saved data to database,  ] "
[18-8-2021 18:32:53] - " --- Calling webscraper "
[18-8-2021 18:32:53] - " [ 15, saved data to database,  ] "
[18-8-2021 18:36:53] - " --- Calling webscraper "
[18-8-2021 18:36:53] - " [ 15,  ] "
[18-8-2021 18:40:54] - " --- Calling webscraper "
[18-8-2021 18:40:54] - " [ 20, saved data to database,  ] "
[18-8-2021 18:44:53] - " --- Calling webscraper "
[18-8-2021 18:44:53] - " [ 25, saved data to database,  ] "
[18-8-2021 18:48:54] - " --- Calling webscraper "
[18-8-2021 18:48:54] - " [ 30, saved data to database,  ] "
[18-8-2021 18:52:54] - " --- Calling webscraper "
[18-8-2021 18:52:54] - " [ 35, saved data to database,  ] "
[18-8-2021 18:56:54] - " --- Calling webscraper "
[18-8-2021 18:56:54] - " [ 40, saved data to database,  ] "
[18-8-2021 19:36:24] - " Server is listening on port 5000 "
[18-8-2021 19:36:27] - " [ 15, saved data to database,  ] "
[18-8-2021 19:36:27] - " --- Calling webscraper "
[18-8-2021 19:40:28] - " --- Calling webscraper "
[18-8-2021 19:40:28] - " [ 20, saved data to database,  ] "
[18-8-2021 19:44:28] - " --- Calling webscraper "
[18-8-2021 19:44:28] - " [ 25, saved data to database,  ] "
[18-8-2021 19:48:27] - " --- Calling webscraper "
[18-8-2021 19:48:27] - " [ 30, saved data to database,  ] "
[18-8-2021 19:52:27] - " --- Calling webscraper "
[18-8-2021 19:52:27] - " [ 35, saved data to database,  ] "
[18-8-2021 19:56:27] - " --- Calling webscraper "
[18-8-2021 19:56:27] - " [ 35,  ] "
[18-8-2021 20:00:27] - " --- Calling webscraper "
[18-8-2021 20:00:27] - " [ 40, saved data to database,  ] "
[18-8-2021 20:04:27] - " --- Calling webscraper "
[18-8-2021 20:04:27] - " [ 45, saved data to database,  ] "
[18-8-2021 20:08:27] - " --- Calling webscraper "
[18-8-2021 20:08:27] - " [ 50, saved data to database,  ] "
[18-8-2021 20:12:27] - " --- Calling webscraper "
[18-8-2021 20:12:27] - " [ 50,  ] "
[18-8-2021 20:16:29] - " --- Calling webscraper "
[18-8-2021 20:16:29] - " [ 55, saved data to database,  ] "
[18-8-2021 20:20:29] - " --- Calling webscraper "
[18-8-2021 20:20:29] - " [ 0, saved data to database,  ] "
[18-8-2021 20:24:29] - " --- Calling webscraper "
[18-8-2021 20:24:29] - " [ 5, saved data to database,  ] "
[18-8-2021 20:28:29] - " --- Calling webscraper "
[18-8-2021 20:28:29] - " [ 10, saved data to database,  ] "
[18-8-2021 20:32:29] - " --- Calling webscraper "
[18-8-2021 20:32:29] - " [ 15, saved data to database,  ] "
[18-8-2021 20:36:29] - " --- Calling webscraper "
[18-8-2021 20:36:29] - " [ 15,  ] "
[18-8-2021 20:40:29] - " --- Calling webscraper "
[18-8-2021 20:40:29] - " [ 20, saved data to database,  ] "
[18-8-2021 20:44:29] - " --- Calling webscraper "
[18-8-2021 20:44:29] - " [ 25, saved data to database,  ] "
[18-8-2021 20:48:29] - " --- Calling webscraper "
[18-8-2021 20:48:29] - " [ 30, saved data to database,  ] "
[18-8-2021 20:52:29] - " --- Calling webscraper "
[18-8-2021 20:52:29] - " [ 35, saved data to database,  ] "
[18-8-2021 20:56:29] - " --- Calling webscraper "
[18-8-2021 20:56:29] - " [ 35,  ] "
[18-8-2021 21:00:29] - " --- Calling webscraper "
[18-8-2021 21:00:29] - " [ 40, saved data to database,  ] "
[18-8-2021 21:04:29] - " --- Calling webscraper "
[18-8-2021 21:04:29] - " [ 45, saved data to database,  ] "
[18-8-2021 21:08:29] - " --- Calling webscraper "
[18-8-2021 21:08:29] - " [ 50, saved data to database,  ] "
[18-8-2021 21:12:29] - " --- Calling webscraper "
[18-8-2021 21:12:29] - " [ 55, saved data to database,  ] "
[18-8-2021 21:16:30] - " --- Calling webscraper "
[18-8-2021 21:16:30] - " [ 55,  ] "
[18-8-2021 21:20:29] - " --- Calling webscraper "
[18-8-2021 21:20:29] - " [ 0, saved data to database,  ] "
[18-8-2021 21:24:29] - " --- Calling webscraper "
[18-8-2021 21:24:29] - " [ 5, saved data to database,  ] "
[18-8-2021 21:28:29] - " --- Calling webscraper "
[18-8-2021 21:28:29] - " [ 10, saved data to database,  ] "
[18-8-2021 21:32:29] - " --- Calling webscraper "
[18-8-2021 21:32:29] - " [ 10,  ] "
[18-8-2021 21:36:29] - " --- Calling webscraper "
[18-8-2021 21:36:29] - " [ 15, saved data to database,  ] "
[19-8-2021 03:03:40] - " Server is listening on port 5000 "
[19-8-2021 03:03:44] - " [ 45, saved data to database,  ] "
[19-8-2021 03:03:44] - " --- Calling webscraper "
[19-8-2021 03:07:44] - " --- Calling webscraper "
[19-8-2021 03:07:44] - " [ 50, saved data to database,  ] "
[19-8-2021 03:11:45] - " --- Calling webscraper "
[19-8-2021 03:11:45] - " [ 55, saved data to database,  ] "
[19-8-2021 03:15:45] - " --- Calling webscraper "
[19-8-2021 03:15:45] - " [ 55,  ] "
[19-8-2021 03:19:45] - " --- Calling webscraper "
[19-8-2021 03:19:45] - " [ 0, saved data to database,  ] "
[19-8-2021 03:23:45] - " --- Calling webscraper "
[19-8-2021 03:23:45] - " [ 5, saved data to database,  ] "
[19-8-2021 03:27:45] - " --- Calling webscraper "
[19-8-2021 03:27:45] - " [ 10, saved data to database,  ] "
[19-8-2021 03:31:44] - " --- Calling webscraper "
[19-8-2021 03:31:44] - " [ 15, saved data to database,  ] "
[19-8-2021 03:35:44] - " --- Calling webscraper "
[19-8-2021 03:35:44] - " [ 15,  ] "
[19-8-2021 03:39:44] - " --- Calling webscraper "
[19-8-2021 03:39:44] - " [ 20, saved data to database,  ] "
[19-8-2021 03:43:43] - " --- Calling webscraper "
[19-8-2021 03:43:43] - " [ 25, saved data to database,  ] "
[19-8-2021 03:47:44] - " --- Calling webscraper "
[19-8-2021 03:47:44] - " [ 30, saved data to database,  ] "
[19-8-2021 03:51:43] - " --- Calling webscraper "
[19-8-2021 03:51:43] - " [ 35, saved data to database,  ] "
[19-8-2021 03:55:43] - " --- Calling webscraper "
[19-8-2021 03:55:43] - " [ 35,  ] "
[19-8-2021 03:59:44] - " --- Calling webscraper "
[19-8-2021 03:59:44] - " [ 40, saved data to database,  ] "
[19-8-2021 04:03:44] - " --- Calling webscraper "
[19-8-2021 04:03:44] - " [ 45, saved data to database,  ] "
[19-8-2021 04:07:44] - " --- Calling webscraper "
[19-8-2021 04:07:44] - " [ 50, saved data to database,  ] "
[19-8-2021 04:11:43] - " --- Calling webscraper "
[19-8-2021 04:11:43] - " [ 55, saved data to database,  ] "
[19-8-2021 04:15:43] - " --- Calling webscraper "
[19-8-2021 04:15:43] - " [ 55,  ] "
[19-8-2021 04:19:43] - " --- Calling webscraper "
[19-8-2021 04:19:43] - " [ 0, saved data to database,  ] "
[19-8-2021 04:23:44] - " --- Calling webscraper "
[19-8-2021 04:23:44] - " [ 5, saved data to database,  ] "
[19-8-2021 04:27:44] - " --- Calling webscraper "
[19-8-2021 04:27:44] - " [ 10, saved data to database,  ] "
[19-8-2021 04:31:44] - " [ 15, saved data to database,  ] "
[19-8-2021 04:31:44] - " --- Calling webscraper "
[19-8-2021 04:35:44] - " --- Calling webscraper "
[19-8-2021 04:35:44] - " [ 15,  ] "
[19-8-2021 04:39:44] - " --- Calling webscraper "
[19-8-2021 04:39:44] - " [ 20, saved data to database,  ] "
[19-8-2021 04:43:44] - " --- Calling webscraper "
[19-8-2021 04:43:44] - " [ 25, saved data to database,  ] "
[19-8-2021 04:47:44] - " --- Calling webscraper "
[19-8-2021 04:47:44] - " [ 30, saved data to database,  ] "
[19-8-2021 04:51:44] - " --- Calling webscraper "
[19-8-2021 04:51:44] - " [ 35, saved data to database,  ] "
[19-8-2021 04:55:44] - " --- Calling webscraper "
[19-8-2021 04:55:44] - " [ 35,  ] "
[19-8-2021 04:59:45] - " --- Calling webscraper "
[19-8-2021 04:59:45] - " [ 40, saved data to database,  ] "
[19-8-2021 05:03:44] - " --- Calling webscraper "
[19-8-2021 05:03:44] - " [ 45, saved data to database,  ] "
[19-8-2021 05:07:43] - " --- Calling webscraper "
[19-8-2021 05:07:43] - " [ 50, saved data to database,  ] "
[19-8-2021 05:11:44] - " --- Calling webscraper "
[19-8-2021 05:11:44] - " [ 55, saved data to database,  ] "
[19-8-2021 05:15:44] - " --- Calling webscraper "
[19-8-2021 05:15:44] - " [ 55,  ] "
[19-8-2021 05:19:44] - " --- Calling webscraper "
[19-8-2021 05:19:44] - " [ 0, saved data to database,  ] "
[19-8-2021 05:23:44] - " --- Calling webscraper "
[19-8-2021 05:23:44] - " [ 5, saved data to database,  ] "
[19-8-2021 05:27:44] - " --- Calling webscraper "
[19-8-2021 05:27:44] - " [ 10, saved data to database,  ] "
[19-8-2021 05:31:45] - " --- Calling webscraper "
[19-8-2021 05:31:45] - " [ 15, saved data to database,  ] "
[19-8-2021 05:35:45] - " --- Calling webscraper "
[19-8-2021 05:35:45] - " [ 15,  ] "
[19-8-2021 05:39:44] - " --- Calling webscraper "
[19-8-2021 05:39:44] - " [ 20, saved data to database,  ] "
[19-8-2021 05:43:44] - " --- Calling webscraper "
[19-8-2021 05:43:44] - " [ 25, saved data to database,  ] "
[19-8-2021 05:47:44] - " --- Calling webscraper "
[19-8-2021 05:47:44] - " [ 30, saved data to database,  ] "
[19-8-2021 05:51:44] - " --- Calling webscraper "
[19-8-2021 05:51:44] - " [ 35, saved data to database,  ] "
[19-8-2021 05:55:44] - " --- Calling webscraper "
[19-8-2021 05:55:44] - " [ 35,  ] "
[19-8-2021 05:59:44] - " --- Calling webscraper "
[19-8-2021 05:59:44] - " [ 40, saved data to database,  ] "
[19-8-2021 06:03:44] - " --- Calling webscraper "
[19-8-2021 06:03:44] - " [ 45, saved data to database,  ] "
[19-8-2021 06:07:44] - " --- Calling webscraper "
[19-8-2021 06:07:44] - " [ 50, saved data to database,  ] "
[19-8-2021 06:11:44] - " --- Calling webscraper "
[19-8-2021 06:11:44] - " [ 55, saved data to database,  ] "
[19-8-2021 06:15:44] - " --- Calling webscraper "
[19-8-2021 06:15:44] - " [ 55,  ] "
[19-8-2021 06:19:44] - " --- Calling webscraper "
[19-8-2021 06:19:44] - " [ 0, saved data to database,  ] "
[19-8-2021 06:23:44] - " --- Calling webscraper "
[19-8-2021 06:23:44] - " [ 5, saved data to database,  ] "
[19-8-2021 06:27:44] - " --- Calling webscraper "
[19-8-2021 06:27:44] - " [ 10, saved data to database,  ] "
[19-8-2021 06:31:44] - " --- Calling webscraper "
[19-8-2021 06:31:44] - " [ 10,  ] "
[19-8-2021 06:35:44] - " --- Calling webscraper "
[19-8-2021 06:35:44] - " [ 15, saved data to database,  ] "
[19-8-2021 06:39:44] - " --- Calling webscraper "
[19-8-2021 06:39:44] - " [ 20, saved data to database,  ] "
[19-8-2021 06:43:44] - " --- Calling webscraper "
[19-8-2021 06:43:44] - " [ 25, saved data to database,  ] "
[19-8-2021 06:47:45] - " --- Calling webscraper "
[19-8-2021 06:47:45] - " [ 30, saved data to database,  ] "
[19-8-2021 06:51:44] - " --- Calling webscraper "
[19-8-2021 06:51:44] - " [ 30,  ] "
[19-8-2021 06:55:44] - " --- Calling webscraper "
[19-8-2021 06:55:44] - " [ 35, saved data to database,  ] "
[19-8-2021 06:59:44] - " --- Calling webscraper "
[19-8-2021 06:59:44] - " [ 40, saved data to database,  ] "
[19-8-2021 07:03:44] - " --- Calling webscraper "
[19-8-2021 07:03:44] - " [ 45, saved data to database,  ] "
[19-8-2021 07:07:44] - " --- Calling webscraper "
[19-8-2021 07:07:44] - " [ 50, saved data to database,  ] "
[19-8-2021 07:11:44] - " --- Calling webscraper "
[19-8-2021 07:11:44] - " [ 50,  ] "
[19-8-2021 07:15:44] - " --- Calling webscraper "
[19-8-2021 07:15:44] - " [ 55, saved data to database,  ] "
[19-8-2021 07:19:44] - " --- Calling webscraper "
[19-8-2021 07:19:44] - " [ 0, saved data to database,  ] "
[19-8-2021 07:23:44] - " --- Calling webscraper "
[19-8-2021 07:23:44] - " [ 5, saved data to database,  ] "
[19-8-2021 07:27:44] - " --- Calling webscraper "
[19-8-2021 07:27:44] - " [ 10, saved data to database,  ] "
[19-8-2021 07:31:44] - " --- Calling webscraper "
[19-8-2021 07:31:44] - " [ 10,  ] "
[19-8-2021 07:35:44] - " --- Calling webscraper "
[19-8-2021 07:35:44] - " [ 15, saved data to database,  ] "
[19-8-2021 07:39:44] - " --- Calling webscraper "
[19-8-2021 07:39:44] - " [ 20, saved data to database,  ] "
[19-8-2021 07:43:44] - " --- Calling webscraper "
[19-8-2021 07:43:44] - " [ 25, saved data to database,  ] "
[19-8-2021 07:47:44] - " --- Calling webscraper "
[19-8-2021 07:47:44] - " [ 30, saved data to database,  ] "
[19-8-2021 07:51:44] - " --- Calling webscraper "
[19-8-2021 07:51:44] - " [ 30,  ] "
[19-8-2021 07:55:44] - " --- Calling webscraper "
[19-8-2021 07:55:44] - " [ 35, saved data to database,  ] "
[19-8-2021 07:59:44] - " --- Calling webscraper "
[19-8-2021 07:59:44] - " [ 40, saved data to database,  ] "
[19-8-2021 08:03:44] - " --- Calling webscraper "
[19-8-2021 08:03:44] - " [ 45, saved data to database,  ] "
[19-8-2021 08:07:44] - " [ 50, saved data to database,  ] "
[19-8-2021 08:07:44] - " --- Calling webscraper "
[19-8-2021 08:11:44] - " [ 50,  ] "
[19-8-2021 08:11:44] - " --- Calling webscraper "
[19-8-2021 08:15:44] - " --- Calling webscraper "
[19-8-2021 08:15:44] - " [ 55, saved data to database,  ] "
[19-8-2021 08:19:44] - " --- Calling webscraper "
[19-8-2021 08:19:44] - " [ 0, saved data to database,  ] "
[19-8-2021 08:23:44] - " --- Calling webscraper "
[19-8-2021 08:23:44] - " [ 5, saved data to database,  ] "
[19-8-2021 08:27:44] - " --- Calling webscraper "
[19-8-2021 08:27:44] - " [ 10, saved data to database,  ] "
[19-8-2021 08:31:44] - " --- Calling webscraper "
[19-8-2021 08:31:44] - " [ 10,  ] "
[19-8-2021 08:35:44] - " --- Calling webscraper "
[19-8-2021 08:35:44] - " [ 15, saved data to database,  ] "
[19-8-2021 08:39:44] - " --- Calling webscraper "
[19-8-2021 08:39:44] - " [ 20, saved data to database,  ] "
[19-8-2021 08:43:44] - " --- Calling webscraper "
[19-8-2021 08:43:44] - " [ 25, saved data to database,  ] "
[19-8-2021 08:47:45] - " --- Calling webscraper "
[19-8-2021 08:47:45] - " [ 30, saved data to database,  ] "
[19-8-2021 08:51:44] - " --- Calling webscraper "
[19-8-2021 08:51:44] - " [ 30,  ] "
[19-8-2021 08:55:44] - " --- Calling webscraper "
[19-8-2021 08:55:44] - " [ 35, saved data to database,  ] "
[19-8-2021 09:00:14] - " --- Calling webscraper "
[19-8-2021 09:00:14] - " [ 40, saved data to database,  ] "
[19-8-2021 09:03:45] - " --- Calling webscraper "
[19-8-2021 09:03:45] - " [ 45, saved data to database,  ] "
[19-8-2021 09:07:44] - " --- Calling webscraper "
[19-8-2021 09:07:44] - " [ 50, saved data to database,  ] "
[19-8-2021 09:11:44] - " --- Calling webscraper "
[19-8-2021 09:11:44] - " [ 50,  ] "
[19-8-2021 09:15:53] - " --- Calling webscraper "
[19-8-2021 09:15:53] - " [ 55, saved data to database,  ] "
[19-8-2021 09:19:44] - " --- Calling webscraper "
[19-8-2021 09:19:44] - " [ 0, saved data to database,  ] "
[19-8-2021 09:23:44] - " --- Calling webscraper "
[19-8-2021 09:23:44] - " [ 5, saved data to database,  ] "
[19-8-2021 09:27:44] - " --- Calling webscraper "
[19-8-2021 09:27:44] - " [ 10, saved data to database,  ] "
[19-8-2021 09:31:44] - " --- Calling webscraper "
[19-8-2021 09:31:44] - " [ 10,  ] "
[19-8-2021 09:35:44] - " --- Calling webscraper "
[19-8-2021 09:35:44] - " [ 15, saved data to database,  ] "
[19-8-2021 09:39:44] - " --- Calling webscraper "
[19-8-2021 09:39:44] - " [ 20, saved data to database,  ] "
[19-8-2021 09:43:44] - " --- Calling webscraper "
[19-8-2021 09:43:44] - " [ 25, saved data to database,  ] "
[19-8-2021 09:47:45] - " --- Calling webscraper "
[19-8-2021 09:47:45] - " [ 30, saved data to database,  ] "
[19-8-2021 09:51:45] - " --- Calling webscraper "
[19-8-2021 09:51:45] - " [ 30,  ] "
[19-8-2021 09:55:45] - " --- Calling webscraper "
[19-8-2021 09:55:45] - " [ 35, saved data to database,  ] "
[19-8-2021 09:59:44] - " --- Calling webscraper "
[19-8-2021 09:59:44] - " [ 40, saved data to database,  ] "
[19-8-2021 10:03:44] - " --- Calling webscraper "
[19-8-2021 10:03:44] - " [ 45, saved data to database,  ] "
[19-8-2021 10:07:44] - " --- Calling webscraper "
[19-8-2021 10:07:44] - " [ 50, saved data to database,  ] "
[19-8-2021 10:11:45] - " --- Calling webscraper "
[19-8-2021 10:11:45] - " [ 50,  ] "
[19-8-2021 10:15:44] - " --- Calling webscraper "
[19-8-2021 10:15:44] - " [ 55, saved data to database,  ] "
[19-8-2021 10:19:44] - " --- Calling webscraper "
[19-8-2021 10:19:44] - " [ 0, saved data to database,  ] "
[19-8-2021 10:23:45] - " [ 5, saved data to database,  ] "
[19-8-2021 10:23:45] - " --- Calling webscraper "
[19-8-2021 10:27:45] - " --- Calling webscraper "
[19-8-2021 10:27:45] - " [ 10, saved data to database,  ] "
[19-8-2021 10:31:45] - " --- Calling webscraper "
[19-8-2021 10:31:45] - " [ 10,  ] "
[19-8-2021 10:35:45] - " --- Calling webscraper "
[19-8-2021 10:35:45] - " [ 15, saved data to database,  ] "
[19-8-2021 10:39:45] - " --- Calling webscraper "
[19-8-2021 10:39:45] - " [ 20, saved data to database,  ] "
[19-8-2021 10:43:45] - " --- Calling webscraper "
[19-8-2021 10:43:45] - " [ 25, saved data to database,  ] "
[19-8-2021 10:47:45] - " --- Calling webscraper "
[19-8-2021 10:47:45] - " [ 30, saved data to database,  ] "
[19-8-2021 10:51:45] - " --- Calling webscraper "
[19-8-2021 10:51:45] - " [ 30,  ] "
[19-8-2021 10:55:45] - " --- Calling webscraper "
[19-8-2021 10:55:45] - " [ 35, saved data to database,  ] "
[19-8-2021 10:59:45] - " --- Calling webscraper "
[19-8-2021 10:59:45] - " [ 40, saved data to database,  ] "
[19-8-2021 11:03:45] - " --- Calling webscraper "
[19-8-2021 11:03:45] - " [ 45, saved data to database,  ] "
[19-8-2021 11:07:45] - " --- Calling webscraper "
[19-8-2021 11:07:45] - " [ 50, saved data to database,  ] "
[19-8-2021 11:11:45] - " --- Calling webscraper "
[19-8-2021 11:11:45] - " [ 50,  ] "
[19-8-2021 11:15:45] - " --- Calling webscraper "
[19-8-2021 11:15:45] - " [ 55, saved data to database,  ] "
[19-8-2021 11:19:45] - " --- Calling webscraper "
[19-8-2021 11:19:45] - " [ 0, saved data to database,  ] "
[19-8-2021 11:23:45] - " --- Calling webscraper "
[19-8-2021 11:23:45] - " [ 5, saved data to database,  ] "
[19-8-2021 11:27:45] - " --- Calling webscraper "
[19-8-2021 11:27:45] - " [ 10, saved data to database,  ] "
[19-8-2021 11:31:45] - " --- Calling webscraper "
[19-8-2021 11:31:45] - " [ 10,  ] "
[19-8-2021 11:35:45] - " --- Calling webscraper "
[19-8-2021 11:35:45] - " [ 15, saved data to database,  ] "
[19-8-2021 11:39:45] - " --- Calling webscraper "
[19-8-2021 11:39:45] - " [ 20, saved data to database,  ] "
[19-8-2021 11:43:45] - " --- Calling webscraper "
[19-8-2021 11:43:45] - " [ 25, saved data to database,  ] "
[19-8-2021 11:47:45] - " --- Calling webscraper "
[19-8-2021 11:47:45] - " [ 30, saved data to database,  ] "
[19-8-2021 11:51:45] - " --- Calling webscraper "
[19-8-2021 11:51:45] - " [ 30,  ] "
[19-8-2021 11:55:45] - " --- Calling webscraper "
[19-8-2021 11:55:45] - " [ 35, saved data to database,  ] "
[19-8-2021 11:59:45] - " --- Calling webscraper "
[19-8-2021 11:59:45] - " [ 40, saved data to database,  ] "
[19-8-2021 12:03:45] - " --- Calling webscraper "
[19-8-2021 12:03:45] - " [ 45, saved data to database,  ] "
[19-8-2021 12:07:45] - " --- Calling webscraper "
[19-8-2021 12:07:45] - " [ 50, saved data to database,  ] "
[19-8-2021 12:11:45] - " --- Calling webscraper "
[19-8-2021 12:11:45] - " [ 50,  ] "
[19-8-2021 12:15:45] - " --- Calling webscraper "
[19-8-2021 12:15:45] - " [ 55, saved data to database,  ] "
[19-8-2021 12:19:45] - " --- Calling webscraper "
[19-8-2021 12:19:45] - " [ 0, saved data to database,  ] "
[19-8-2021 12:23:45] - " --- Calling webscraper "
[19-8-2021 12:23:45] - " [ 5, saved data to database,  ] "
[19-8-2021 12:27:45] - " --- Calling webscraper "
[19-8-2021 12:27:45] - " [ 10, saved data to database,  ] "
[19-8-2021 12:31:45] - " --- Calling webscraper "
[19-8-2021 12:31:45] - " [ 10,  ] "
[19-8-2021 12:35:45] - " --- Calling webscraper "
[19-8-2021 12:35:45] - " [ 15, saved data to database,  ] "
[19-8-2021 12:39:45] - " --- Calling webscraper "
[19-8-2021 12:39:45] - " [ 20, saved data to database,  ] "
[19-8-2021 12:43:45] - " --- Calling webscraper "
[19-8-2021 12:43:45] - " [ 25, saved data to database,  ] "
[19-8-2021 12:47:45] - " --- Calling webscraper "
[19-8-2021 12:47:45] - " [ 30, saved data to database,  ] "
[19-8-2021 12:51:45] - " --- Calling webscraper "
[19-8-2021 12:51:45] - " [ 30,  ] "
[19-8-2021 12:55:45] - " --- Calling webscraper "
[19-8-2021 12:55:45] - " [ 35, saved data to database,  ] "
[19-8-2021 12:59:45] - " --- Calling webscraper "
[19-8-2021 12:59:45] - " [ 40, saved data to database,  ] "
[19-8-2021 13:03:45] - " --- Calling webscraper "
[19-8-2021 13:03:45] - " [ 45, saved data to database,  ] "
[19-8-2021 13:07:46] - " --- Calling webscraper "
[19-8-2021 13:07:46] - " [ 50, saved data to database,  ] "
[19-8-2021 13:11:46] - " --- Calling webscraper "
[19-8-2021 13:11:46] - " [ 50,  ] "
[19-8-2021 13:15:47] - " --- Calling webscraper "
[19-8-2021 13:15:47] - " [ 55, saved data to database,  ] "
[19-8-2021 13:19:46] - " --- Calling webscraper "
[19-8-2021 13:19:46] - " [ 0, saved data to database,  ] "
[19-8-2021 13:23:47] - " [ 5, saved data to database,  ] "
[19-8-2021 13:23:47] - " --- Calling webscraper "
[19-8-2021 13:27:46] - " --- Calling webscraper "
[19-8-2021 13:27:46] - " [ 10, saved data to database,  ] "
[19-8-2021 13:31:45] - " --- Calling webscraper "
[19-8-2021 13:31:45] - " [ 10,  ] "
[19-8-2021 13:35:45] - " --- Calling webscraper "
[19-8-2021 13:35:45] - " [ 15, saved data to database,  ] "
[19-8-2021 13:39:45] - " --- Calling webscraper "
[19-8-2021 13:39:45] - " [ 20, saved data to database,  ] "
[19-8-2021 13:43:45] - " --- Calling webscraper "
[19-8-2021 13:43:45] - " [ 25, saved data to database,  ] "
[19-8-2021 13:47:45] - " --- Calling webscraper "
[19-8-2021 13:47:45] - " [ 30, saved data to database,  ] "
[19-8-2021 13:51:45] - " --- Calling webscraper "
[19-8-2021 13:51:45] - " [ 30,  ] "
[19-8-2021 13:55:45] - " --- Calling webscraper "
[19-8-2021 13:55:45] - " [ 35, saved data to database,  ] "
[19-8-2021 13:59:45] - " --- Calling webscraper "
[19-8-2021 13:59:45] - " [ 40, saved data to database,  ] "
[19-8-2021 14:03:45] - " --- Calling webscraper "
[19-8-2021 14:03:45] - " [ 45, saved data to database,  ] "
[19-8-2021 14:07:45] - " --- Calling webscraper "
[19-8-2021 14:07:45] - " [ 50, saved data to database,  ] "
[19-8-2021 14:11:45] - " --- Calling webscraper "
[19-8-2021 14:11:45] - " [ 50,  ] "
[19-8-2021 14:15:45] - " --- Calling webscraper "
[19-8-2021 14:15:45] - " [ 55, saved data to database,  ] "
[19-8-2021 14:19:45] - " --- Calling webscraper "
[19-8-2021 14:19:45] - " [ 0, saved data to database,  ] "
[19-8-2021 14:23:45] - " --- Calling webscraper "
[19-8-2021 14:23:45] - " [ 5, saved data to database,  ] "
[19-8-2021 14:27:45] - " --- Calling webscraper "
[19-8-2021 14:27:45] - " [ 10, saved data to database,  ] "
[19-8-2021 14:31:45] - " --- Calling webscraper "
[19-8-2021 14:31:45] - " [ 10,  ] "
[19-8-2021 14:35:45] - " --- Calling webscraper "
[19-8-2021 14:35:45] - " [ 15, saved data to database,  ] "
[19-8-2021 14:39:45] - " --- Calling webscraper "
[19-8-2021 14:39:45] - " [ 20, saved data to database,  ] "
[19-8-2021 14:43:46] - " --- Calling webscraper "
[19-8-2021 14:43:46] - " [ 25, saved data to database,  ] "
[19-8-2021 14:47:45] - " --- Calling webscraper "
[19-8-2021 14:47:45] - " [ 30, saved data to database,  ] "
[19-8-2021 14:51:45] - " --- Calling webscraper "
[19-8-2021 14:51:45] - " [ 30,  ] "
[19-8-2021 14:55:45] - " --- Calling webscraper "
[19-8-2021 14:55:45] - " [ 35, saved data to database,  ] "
[19-8-2021 14:59:45] - " --- Calling webscraper "
[19-8-2021 14:59:45] - " [ 40, saved data to database,  ] "
[19-8-2021 15:03:46] - " --- Calling webscraper "
[19-8-2021 15:03:46] - " [ 45, saved data to database,  ] "
[19-8-2021 15:07:45] - " --- Calling webscraper "
[19-8-2021 15:07:45] - " [ 50, saved data to database,  ] "
[19-8-2021 15:11:45] - " --- Calling webscraper "
[19-8-2021 15:11:45] - " [ 50,  ] "
[19-8-2021 15:15:46] - " --- Calling webscraper "
[19-8-2021 15:15:46] - " [ 55, saved data to database,  ] "
[19-8-2021 15:19:46] - " --- Calling webscraper "
[19-8-2021 15:19:46] - " [ 0, saved data to database,  ] "
[19-8-2021 15:23:46] - " [ 5, saved data to database,  ] "
[19-8-2021 15:23:46] - " --- Calling webscraper "
[19-8-2021 15:27:46] - " --- Calling webscraper "
[19-8-2021 15:27:46] - " [ 10, saved data to database,  ] "
[19-8-2021 15:31:46] - " --- Calling webscraper "
[19-8-2021 15:31:46] - " [ 10,  ] "
[19-8-2021 15:35:46] - " --- Calling webscraper "
[19-8-2021 15:35:46] - " [ 15, saved data to database,  ] "
[19-8-2021 15:39:46] - " --- Calling webscraper "
[19-8-2021 15:39:46] - " [ 20, saved data to database,  ] "
[19-8-2021 15:43:46] - " --- Calling webscraper "
[19-8-2021 15:43:46] - " [ 25, saved data to database,  ] "
[19-8-2021 15:47:46] - " --- Calling webscraper "
[19-8-2021 15:47:46] - " [ 30, saved data to database,  ] "
[19-8-2021 15:51:46] - " --- Calling webscraper "
[19-8-2021 15:51:46] - " [ 30,  ] "
[19-8-2021 15:55:46] - " --- Calling webscraper "
[19-8-2021 15:55:46] - " [ 35, saved data to database,  ] "
[19-8-2021 15:59:46] - " --- Calling webscraper "
[19-8-2021 15:59:46] - " [ 40, saved data to database,  ] "
[19-8-2021 16:03:46] - " --- Calling webscraper "
[19-8-2021 16:03:46] - " [ 45, saved data to database,  ] "
[19-8-2021 16:07:46] - " --- Calling webscraper "
[19-8-2021 16:07:46] - " [ 50, saved data to database,  ] "
[19-8-2021 16:11:46] - " --- Calling webscraper "
[19-8-2021 16:11:46] - " [ 50,  ] "
[19-8-2021 16:15:46] - " --- Calling webscraper "
[19-8-2021 16:15:46] - " [ 55, saved data to database,  ] "
[19-8-2021 16:19:46] - " --- Calling webscraper "
[19-8-2021 16:19:46] - " [ 0, saved data to database,  ] "
[19-8-2021 16:23:46] - " --- Calling webscraper "
[19-8-2021 16:23:46] - " [ 5, saved data to database,  ] "
[19-8-2021 16:27:46] - " --- Calling webscraper "
[19-8-2021 16:27:46] - " [ 10, saved data to database,  ] "
[19-8-2021 16:31:46] - " --- Calling webscraper "
[19-8-2021 16:31:46] - " [ 10,  ] "
[19-8-2021 16:35:46] - " --- Calling webscraper "
[19-8-2021 16:35:46] - " [ 15, saved data to database,  ] "
[19-8-2021 16:39:46] - " --- Calling webscraper "
[19-8-2021 16:39:46] - " [ 20, saved data to database,  ] "
[19-8-2021 16:43:46] - " --- Calling webscraper "
[19-8-2021 16:43:46] - " [ 25, saved data to database,  ] "
[19-8-2021 16:47:46] - " --- Calling webscraper "
[19-8-2021 16:47:46] - " [ 30, saved data to database,  ] "
[19-8-2021 16:51:46] - " --- Calling webscraper "
[19-8-2021 16:51:46] - " [ 30,  ] "
[19-8-2021 16:55:46] - " --- Calling webscraper "
[19-8-2021 16:55:46] - " [ 35, saved data to database,  ] "
[19-8-2021 16:59:46] - " --- Calling webscraper "
[19-8-2021 16:59:46] - " [ 40, saved data to database,  ] "
[19-8-2021 17:03:46] - " --- Calling webscraper "
[19-8-2021 17:03:46] - " [ 45, saved data to database,  ] "
[19-8-2021 17:07:46] - " --- Calling webscraper "
[19-8-2021 17:07:46] - " [ 50, saved data to database,  ] "
[20-8-2021 12:25:18] - " Server is listening on port 5000 "
[20-8-2021 12:25:22] - " --- Calling webscraper "
[20-8-2021 12:25:22] - " [ 5, saved data to database,  ] "
[20-8-2021 12:29:22] - " --- Calling webscraper "
[20-8-2021 12:29:22] - " [ 10, saved data to database,  ] "
[20-8-2021 12:33:21] - " --- Calling webscraper "
[20-8-2021 12:33:21] - " [ 15, saved data to database,  ] "
[20-8-2021 12:37:21] - " --- Calling webscraper "
[20-8-2021 12:37:21] - " [ 15,  ] "
[20-8-2021 12:41:21] - " --- Calling webscraper "
[20-8-2021 12:41:21] - " [ 20, saved data to database,  ] "
[20-8-2021 12:45:21] - " --- Calling webscraper "
[20-8-2021 12:45:21] - " [ 25, saved data to database,  ] "
[20-8-2021 12:49:24] - " --- Calling webscraper "
[20-8-2021 12:49:24] - " [ 30, saved data to database,  ] "
[20-8-2021 12:53:21] - " --- Calling webscraper "
[20-8-2021 12:53:21] - " [ 35, saved data to database,  ] "
[20-8-2021 12:57:21] - " --- Calling webscraper "
[20-8-2021 12:57:21] - " [ 40, saved data to database,  ] "
[20-8-2021 13:01:21] - " --- Calling webscraper "
[20-8-2021 13:01:21] - " [ 40,  ] "
[20-8-2021 13:05:21] - " --- Calling webscraper "
[20-8-2021 13:05:21] - " [ 45, saved data to database,  ] "
[20-8-2021 13:09:21] - " --- Calling webscraper "
[20-8-2021 13:09:21] - " [ 50, saved data to database,  ] "
[20-8-2021 13:13:22] - " --- Calling webscraper "
[20-8-2021 13:13:22] - " [ 55, saved data to database,  ] "
[20-8-2021 13:17:21] - " --- Calling webscraper "
[20-8-2021 13:17:21] - " [ 0, saved data to database,  ] "
[20-8-2021 13:21:21] - " --- Calling webscraper "
[20-8-2021 13:21:21] - " [ 0,  ] "
[20-8-2021 13:25:21] - " --- Calling webscraper "
[20-8-2021 13:25:22] - " [ 5, saved data to database,  ] "
[20-8-2021 13:29:21] - " --- Calling webscraper "
[20-8-2021 13:29:21] - " [ 10, saved data to database,  ] "
[20-8-2021 13:33:21] - " --- Calling webscraper "
[20-8-2021 13:33:21] - " [ 15, saved data to database,  ] "
[20-8-2021 13:37:21] - " --- Calling webscraper "
[20-8-2021 13:37:21] - " [ 20, saved data to database,  ] "
[20-8-2021 13:41:21] - " --- Calling webscraper "
[20-8-2021 13:41:21] - " [ 20,  ] "
[20-8-2021 13:45:21] - " --- Calling webscraper "
[20-8-2021 13:45:21] - " [ 25, saved data to database,  ] "
[20-8-2021 13:49:21] - " --- Calling webscraper "
[20-8-2021 13:49:21] - " [ 30, saved data to database,  ] "
[20-8-2021 13:53:21] - " --- Calling webscraper "
[20-8-2021 13:53:21] - " [ 35, saved data to database,  ] "
[20-8-2021 13:57:21] - " --- Calling webscraper "
[20-8-2021 13:57:21] - " [ 40, saved data to database,  ] "
[20-8-2021 14:01:21] - " --- Calling webscraper "
[20-8-2021 14:01:21] - " [ 40,  ] "
[20-8-2021 14:05:21] - " --- Calling webscraper "
[20-8-2021 14:05:21] - " [ 45, saved data to database,  ] "
[20-8-2021 14:09:21] - " --- Calling webscraper "
[20-8-2021 14:09:21] - " [ 50, saved data to database,  ] "
[20-8-2021 14:13:22] - " --- Calling webscraper "
[20-8-2021 14:13:22] - " [ 55, saved data to database,  ] "
[20-8-2021 14:17:21] - " --- Calling webscraper "
[20-8-2021 14:17:21] - " [ 0, saved data to database,  ] "
[20-8-2021 14:21:21] - " --- Calling webscraper "
[20-8-2021 14:21:21] - " [ 0,  ] "
[20-8-2021 14:25:21] - " --- Calling webscraper "
[20-8-2021 14:25:21] - " [ 5, saved data to database,  ] "
[20-8-2021 14:29:22] - " --- Calling webscraper "
[20-8-2021 14:29:22] - " [ 10, saved data to database,  ] "
[20-8-2021 14:33:21] - " --- Calling webscraper "
[20-8-2021 14:33:21] - " [ 15, saved data to database,  ] "
[20-8-2021 14:37:22] - " --- Calling webscraper "
[20-8-2021 14:37:22] - " [ 20, saved data to database,  ] "
[20-8-2021 14:41:22] - " --- Calling webscraper "
[20-8-2021 14:41:22] - " [ 20,  ] "
[20-8-2021 14:45:22] - " --- Calling webscraper "
[20-8-2021 14:45:22] - " [ 25, saved data to database,  ] "
[20-8-2021 14:49:22] - " --- Calling webscraper "
[20-8-2021 14:49:22] - " [ 30, saved data to database,  ] "
[20-8-2021 14:53:22] - " --- Calling webscraper "
[20-8-2021 14:53:22] - " [ 35, saved data to database,  ] "
[20-8-2021 14:57:22] - " --- Calling webscraper "
[20-8-2021 14:57:22] - " [ 40, saved data to database,  ] "
[20-8-2021 15:01:22] - " --- Calling webscraper "
[20-8-2021 15:01:22] - " [ 40,  ] "
[20-8-2021 15:05:22] - " --- Calling webscraper "
[20-8-2021 15:05:22] - " [ 45, saved data to database,  ] "
[20-8-2021 15:09:22] - " --- Calling webscraper "
[20-8-2021 15:09:22] - " [ 50, saved data to database,  ] "
[20-8-2021 15:13:22] - " --- Calling webscraper "
[20-8-2021 15:13:22] - " [ 55, saved data to database,  ] "
[20-8-2021 15:17:22] - " --- Calling webscraper "
[20-8-2021 15:17:22] - " [ 0, saved data to database,  ] "
[20-8-2021 15:21:22] - " --- Calling webscraper "
[20-8-2021 15:21:22] - " [ 0,  ] "
[20-8-2021 15:25:22] - " --- Calling webscraper "
[20-8-2021 15:25:22] - " [ 5, saved data to database,  ] "
[20-8-2021 15:29:22] - " --- Calling webscraper "
[20-8-2021 15:29:22] - " [ 10, saved data to database,  ] "
[20-8-2021 15:33:22] - " --- Calling webscraper "
[20-8-2021 15:33:22] - " [ 15, saved data to database,  ] "
[20-8-2021 15:37:22] - " --- Calling webscraper "
[20-8-2021 15:37:22] - " [ 20, saved data to database,  ] "
[20-8-2021 15:41:21] - " --- Calling webscraper "
[20-8-2021 15:41:21] - " [ 20,  ] "
[20-8-2021 15:45:22] - " --- Calling webscraper "
[20-8-2021 15:45:22] - " [ 25, saved data to database,  ] "
[20-8-2021 15:49:22] - " --- Calling webscraper "
[20-8-2021 15:49:22] - " [ 30, saved data to database,  ] "
[20-8-2021 15:53:22] - " --- Calling webscraper "
[20-8-2021 15:53:22] - " [ 35, saved data to database,  ] "
[20-8-2021 15:57:22] - " --- Calling webscraper "
[20-8-2021 15:57:22] - " [ 40, saved data to database,  ] "
[20-8-2021 16:01:22] - " [ 40,  ] "
[20-8-2021 16:01:22] - " --- Calling webscraper "
[20-8-2021 16:05:22] - " --- Calling webscraper "
[20-8-2021 16:05:22] - " [ 45, saved data to database,  ] "
[20-8-2021 16:09:22] - " --- Calling webscraper "
[20-8-2021 16:09:22] - " [ 50, saved data to database,  ] "
[20-8-2021 16:13:22] - " --- Calling webscraper "
[20-8-2021 16:13:22] - " [ 55, saved data to database,  ] "
[20-8-2021 16:17:22] - " --- Calling webscraper "
[20-8-2021 16:17:22] - " [ 0, saved data to database,  ] "
[20-8-2021 16:21:22] - " --- Calling webscraper "
[20-8-2021 16:21:23] - " [ 0,  ] "
[20-8-2021 16:25:22] - " --- Calling webscraper "
[20-8-2021 16:25:22] - " [ 5, saved data to database,  ] "
[20-8-2021 16:29:22] - " --- Calling webscraper "
[20-8-2021 16:29:22] - " [ 10, saved data to database,  ] "
[20-8-2021 16:33:22] - " --- Calling webscraper "
[20-8-2021 16:33:22] - " [ 15, saved data to database,  ] "
[20-8-2021 16:37:22] - " --- Calling webscraper "
[20-8-2021 16:37:22] - " [ 15,  ] "
[20-8-2021 16:41:22] - " --- Calling webscraper "
[20-8-2021 16:41:22] - " [ 20, saved data to database,  ] "
[20-8-2021 16:45:22] - " --- Calling webscraper "
[20-8-2021 16:45:22] - " [ 25, saved data to database,  ] "
[20-8-2021 16:49:22] - " --- Calling webscraper "
[20-8-2021 16:49:22] - " [ 30, saved data to database,  ] "
[20-8-2021 16:53:22] - " --- Calling webscraper "
[20-8-2021 16:53:22] - " [ 35, saved data to database,  ] "
[20-8-2021 16:57:22] - " --- Calling webscraper "
[20-8-2021 16:57:22] - " [ 40, saved data to database,  ] "
[20-8-2021 17:01:22] - " --- Calling webscraper "
[20-8-2021 17:01:22] - " [ 40,  ] "
[20-8-2021 17:05:29] - " --- Calling webscraper "
[20-8-2021 17:05:29] - " [ 45, saved data to database,  ] "
[20-8-2021 17:09:22] - " [ 50, saved data to database,  ] "
[20-8-2021 17:09:22] - " --- Calling webscraper "
[20-8-2021 17:13:22] - " --- Calling webscraper "
[20-8-2021 17:13:22] - " [ 55, saved data to database,  ] "
[20-8-2021 17:17:22] - " --- Calling webscraper "
[20-8-2021 17:17:22] - " [ 0, saved data to database,  ] "
[20-8-2021 17:21:22] - " --- Calling webscraper "
[20-8-2021 17:21:22] - " [ 0,  ] "
[20-8-2021 17:25:22] - " --- Calling webscraper "
[20-8-2021 17:25:22] - " [ 5, saved data to database,  ] "
[20-8-2021 17:29:22] - " --- Calling webscraper "
[20-8-2021 17:29:22] - " [ 10, saved data to database,  ] "
[20-8-2021 17:33:22] - " --- Calling webscraper "
[20-8-2021 17:33:22] - " [ 15, saved data to database,  ] "
[20-8-2021 17:37:22] - " --- Calling webscraper "
[20-8-2021 17:37:22] - " [ 20, saved data to database,  ] "
[20-8-2021 17:41:22] - " --- Calling webscraper "
[20-8-2021 17:41:22] - " [ 20,  ] "
[25-9-2021 11:23:11] - " Server is listening on port 5000 "
[25-9-2021 11:23:15] - " --- Calling webscraper "
[25-9-2021 11:23:15] - " Traceback (most recent call last):
  File "C:\Users\Phi\Documents\Code\JavaScript\Stormwatch\backend\python\ws-weatherdata.py", line 28, in <module>
    parsedData["Temperature"] = float(elementData[elementData.index("Temperatuur") + 1].split(" ")[0])
ValueError: could not convert string to float: ''
 "
